node   1  (   0,    0) (   7,    3) (  12,    5) (  12,    6) (  10,    8) (  10,   10) (  10,   10) (  10,   10) (  10,   10) (  10,   10)
          (  10,   10) (  10,   10) (  10,   10) (  10,   10) (  10,   10) (  10,   10) (  10,   10) (  10,   10) (  10,   10) (  10,   10)
          (  10,   10) (  10,   10) (  10,   10) (  10,   10) (  10,   10) (  10,   10) (  10,   10) (  10,   10) (  10,   10) (  10,   10)
          (  10,   10) (  10,   10) (  10,   10) (  10,   10) (  10,   10) (  10,   10) (  10,   10) (  10,   10) (  10,   10) (  10,   10)
          (  10,   10) (  10,   10) (  10,   10) (  10,   10) (  10,   10) (  10,   10) (  10,   10) (  10,   10) (  10,   10) (  10,   10)
          (  10,   10) (  10,   10) (  10,   10) (  10,   10) (  10,   10) (  10,   10) (  10,   10) (  10,   10) (  10,   10) (  10,   10)
          (  10,   10) (  10,   10) (  10,   10) (  10,   10) (  10,   10) (  10,   10) (  10,   10) (  10,   10) (  10,   10) (  10,   10)
          (  10,   10) (  10,   10) (  10,   10) (  10,   10) (  10,   10) (  10,   10) (  10,   10) (  10,   10) (  10,   10) (  10,   10)
          (  10,   10) (  10,   10) (  10,   10) (  10,   10) (  10,   10) (  10,   10) (  10,   10) (  10,   10) (  10,   10) (  10,   10)
          (  10,   10) (  10,   10) (  10,   10) (  10,   10) (  10,   10) (  10,   10) (  10,   10) (  10,   10) (  10,   10) (  10,   10)
          (  10,   10) (  10,   10) (  10,    5) (  10,    5) (  10,    5) (  10,    5) (  10,    5) (   5,    5) (   5,    5) (   5,    5)
          (   5,    5) (   5,    5) (   5,    5) (   5,    5) (   5,    5) (   5,    5) (   5,    5) (   5,    5) (   5,    5) (   5,    5)
          (   5,    5) (   5,    5) (   5,    5) (   5,    5) (   5,    5) (   5,    5) (   5,    5) (   5,    5) (   5,    5) (   5,    5)
          (   5,    5) (   5,    5) (   5,    5) (   5,    5) (   5,    5) (   5,    5) (   5,    5) (   5,    5) (   5,    5) (   5,    5)
          (   5,    5) (   5,    5) (   5,    5) (   5,    5) (   5,    5) (   5,    5) (   5,    5) (   5,    5) (   5,    5) (   5,    5)
          (   5,    5) (   5,    5) (   5,    5) (   5,    5) (   5,    5) (   5,    5) (   5,    5) (   5,    5) (   5,    5) (   5,    5)
          (   5,    5) (   5,    5) (   5,    5) (   5,    5) (   5,    5) (   5,    5) (   5,    5) (   5,    5) (   5,    5) (   5,    5)
          (   5,    5) (   5,    5) (   5,    5) (   5,    5) (   5,    5) (   5,    5) (   5,    5) (   5,    5) (   5,    5) (   5,    5)
          (   5,    5) (   5,    5) (   5,    5) (   5,    5) (   5,    5) (   5,    5) (   5,    5) (   5,    5) (   5,    5) (   5,    5)
          (   5,    5) (   5,    5) (   5,    5) (   5,    5) (   5,    5) (   5,    5) (   5,    5) (   5,    5) (   5,    5) (   5,    5)
          (   5,    5) (   5,    5) (   5,    5) (   5,    5) (   5,    5) (   5,    5) (   5,    5) (   5,    5) (   5,    5) (   5,    5)
          (   5,    5) (   5,    5) (   5,    5) (   5,    5) (   5,    5) (   5,    5) (   5,    5) (   5,    5) (   5,    5) (   5,    5)
          (   5,    5) (   5,    5) (   5,    5) (   5,    5) (   5,    5) (   5,    5) (   5,    5) (   5,    5) (   5,    5) (   5,    5)
          (   5,    5) (   5,    5) (   5,    5) (   5,    5) (   5,    5) (   5,    5) (   5,    5) (   5,    5) (   5,    5) (   5,    5)
          (   5,    5) (   5,    5) (   5,    5) (   5,    5) (   5,    5) (   5,    5) (   5,    5) (   5,    5) (   5,    5) (   5,    5)
          (   5,    5) (   5,    5) (   5,    5) (   5,    5) (   5,    5) (   5,    5) (   5,    5) (   5,    5) (   5,    5) (   5,    5)
          (   5,    5) (   5,    5) (   5,    5) (   5,    5) (   5,    5) (   5,    5) (   5,    5) (   5,    5) (   5,    5) (   5,    5)
          (   5,    5) (   5,    5) (   5,    5) (   5,    5) (   5,    5) (   5,    5) (   5,    5) (   5,    5) (   5,    5) (   5,    5)
          (   5,    5) (   5,    5) (   5,    5) (   5,    5) (   5,    5) (   5,    5) (   5,    5) (   5,    5) (   5,    5) (   5,    5)
          (   5,    5) (   5,    5) (   5,    5) (   5,    5) (   5,    5) (   5,    5) (   5,    5) (   5,    5) (   5,    5) (   5,    5)
          (   5,    5) (   5,    5) (   5,    5) (   5,    5) (   5,    5) (   5,    5) (   5,    5) (   5,    5) (   5,    5) (   5,    5)
          (   5,    5) (   5,    5) (   5,    5) (   5,    5) (   5,    5) (   5,    5) (   5,    5) (   5,    5) (   5,    5) (   5,    5)
          (   5,    5) (   5,    5) (   5,    5) (   5,    5) (   5,    5) (   5,    5) (   5,    5) (   5,    5) (   5,    5) (   5,    5)
          (   5,    5) (   5,    5) (   5,    5) (   5,    5) (   5,    5) (   5,    5) (   5,    5) (   5,    5) (   5,    5) (   5,    5)
          (   5,    5) (   5,    5) (   5,    5) (   5,    5) (   5,    5) (   5,    5) (   5,    5) (   5,    5) (   5,    5) (   5,    5)
          (   5,    5) (   5,    5) (   5,    5) (   5,    5) (   5,    5) (   5,    5) (   5,    5) (   5,    5) (   5,    5) (   5,    5)
          (   5,    5) (   5,    5) (   5,    5) (   5,    5) (   5,    5) (   5,    5) (   5,    5) (   5,    5) (   5,    5) (   5,    5)
          (   5,    5) (   5,    5) (   5,    5) (   5,    5) (   5,    5) (   5,    5) (   5,    5) (   5,    5) (   5,    5) (   5,    5)
          (   5,    5) (   5,    5) (   5,    5) (   5,    5) (   5,    5) (   5,    5) (   5,    5) (   5,    5) (   5,    5) (   5,    5)
          (   5,    5) (   5,    5) (   5,    5) (   5,    5) (   5,    5) (   5,    5) (   5,    5) (   5,    5) (   5,    5) (   5,    5)
          (   5,    5) (   5,    5) (   5,    5) (   5,    5) (   5,    5) (   5,    5) (   5,    5) (   5,    5) (   5,    5) (   5,    5)
          (   5,    5) (   5,    5) (   5,    5) (   5,    5) (   5,    5) (   5,    5) (   5,    5) (   5,    5) (   5,    5) (   5,    5)
          (   5,    5) (   5,    5) (   5,    5) (   5,    5) (   5,    5) (   5,    5) (   5,    5) (   5,    5) (   5,    5) (   5,    5)
          (   5,    5) (   5,    5) (   5,    5) (   5,    5) (   5,    5) (   5,    5) (   5,    5) (   5,    5) (   5,    5) (   5,    5)
          (   5,    5) (   5,    5) (   5,    5) (   5,    5) (   5,    5) (   5,    5) (   5,    5) (   5,    5) (   5,    5) (   5,    5)
          (   5,    5) (   5,    5) (   5,    5) (   5,    5) (   5,    5) (   5,    5) (   5,    5) (   5,    5) (   5,    5) (   5,    5)
          (   5,    5) (   5,    5) (   5,    5) (   5,    5) (   5,    5) (   5,    5) (   5,    5) (   5,    5) (   5,    5) (   5,    5)
          (   5,    5) (   5,    5) (   5,    5) (   5,    5) (   5,    5) (   5,    5) (   5,    5) (   5,    5) (   5,    5) (   5,    5)
          (   5,    5) (   5,    5) (   5,    5) (   5,    5) (   5,    5) (   5,    5) (   5,    5) (   5,    5) (   5,    5) (   5,    5)
          (   5,    5) (   5,    5) (   5,    5) (   5,    5) (   5,    5) (   5,    5) (   5,    5) (   5,    5) (   5,    5) (   5,    5)
          (   5,    5) (   5,    5) (   5,    5) (   5,    5) (   5,    5) (   5,    5) (   5,    5) (   5,    5) (   5,    5) (   5,    5)
          (   5,    5) (   5,    5) (   5,    5) (   5,    5) (   5,    5) (   5,    5) (   5,    5) (   5,    5) (   5,    5) (   5,    5)
          (   5,    5) (   5,    5) (   5,    5) (   5,    5) (   5,    5) (   5,    5) (   5,    5) (   5,    5) (   5,    5) (   5,    5)
          (   5,    5) (   5,    5) (   5,    5) (   5,    5) (   5,    5) (   5,    5) (   5,    5) (   5,    5) (   5,    5) (   5,    5)
          (   5,    5) (   5,    5) (   5,    5) (   5,    5) (   5,    5) (   5,    5) (   5,    5) (   5,    5) (   5,    5) (   5,    5)
          (   5,    5) (   5,    5) (   5,    5) (   5,    5) (   5,    5) (   5,    5) (   5,    5) (   5,    5) (   5,    5) (   5,    5)
          (   5,    5) (   5,    5) (   5,    5) (   5,    5) (   5,    5) (   5,    5) (   5,    5) (   5,    5) (   5,    5) (   5,    5)
          (   5,    5) (   5,    5) (   5,    5) (   5,    5) (   5,    5) (   5,    5) (   5,    5) (   5,    5) (   5,    5) (   5,    5)
          (   5,    5) (   5,    5) (   5,    5) (   5,    5) (   5,    5) (   5,    5) (   5,    5) (   5,    5) (   5,    5) (   5,    5)
          (   5,    5) (   5,    5) (   5,    5) (   5,    5) (   5,    5) (   5,    5) (   5,    5) (   5,    5) (   5,    5) (   5,    5)
          (   5,    5) (   5,    5) (   5,    5) (   5,    5) (   5,    5) (   5,    5) (   5,    5) (   5,    5) (   5,    5) (   5,    5)
          (   5,    5) (   5,    5) (   5,    5) (   5,    5) (   5,    5) (   5,    5) (   5,    5) (   5,    5) (   5,    5) (   5,    5)
          (   5,    5) (   5,    5) (   5,    5) (   5,    5) (   5,    5) (   5,    5) (   5,    5) (   5,    5) (   5,    5) (   5,    5)
          (   5,    5) (   5,    5) (   5,    5) (   5,    5) (   5,    5) (   5,    5) (   5,    5) (   5,    5) (   5,    5) (   5,    5)
          (   5,    5) (   5,    5) (   5,    5) (   5,    5) (   5,    5) (   5,    5) (   5,    5) (   5,    5) (   5,    5) (   5,    5)
          (   5,    5) (   5,    5) (   5,    5) (   5,    5) (   5,    5) (   5,    5) (   5,    5) (   5,    5) (   5,    5) (   5,    5)
          (   5,    5) (   5,    5) (   5,    5) (   5,    5) (   5,    5) (   5,    5) (   5,    5) (   5,    5) (   5,    5) (   5,    5)
          (   5,    5) (   5,    5) (   5,    5) (   5,    5) (   5,    5) (   5,    5) (   5,    5) (   5,    5) (   5,    5) (   5,    5)
          (   5,    5) (   5,    5) (   5,    5) (   5,    5) (   5,    5) (   5,    5) (   5,    5) (   5,    5) (   5,    5) (   5,    5)
          (   5,    5) (   5,    5) (   5,    5) (   5,    5) (   5,    5) (   5,    5) (   5,    5) (   5,    5) (   5,    5) (   5,    5)
         
node   1 sent_total   4026  recv_total   3982

node   2  (   1,    0) (   0,    0) (   4,    2) (   8,    4) (  10,    8) (  10,   10) (  10,   10) (  10,   10) (  10,   10) (  10,   10)
          (  10,   10) (  10,   10) (  10,   10) (  10,   10) (  10,   10) (  10,   10) (  10,   10) (  10,   10) (  10,   10) (  10,   10)
          (  10,   10) (  10,   10) (  10,   10) (  10,   10) (  10,   10) (  10,   10) (  10,   10) (  10,   10) (  10,   10) (  10,   10)
          (  10,   10) (  10,   10) (  10,   10) (  10,   10) (  10,   10) (  10,   10) (  10,   10) (  10,   10) (  10,   10) (  10,   10)
          (  10,   10) (  10,   10) (  10,   10) (  10,   10) (  10,   10) (  10,   10) (  10,   10) (  10,   10) (  10,   10) (  10,   10)
          (  10,   10) (  10,   10) (  10,   10) (  10,   10) (  10,   10) (  10,   10) (  10,   10) (  10,   10) (  10,   10) (  10,   10)
          (  10,   10) (  10,   10) (  10,   10) (  10,   10) (  10,   10) (  10,   10) (  10,   10) (  10,   10) (  10,   10) (  10,   10)
          (  10,   10) (  10,   10) (  10,   10) (  10,   10) (  10,   10) (  10,   10) (  10,   10) (  10,   10) (  10,   10) (  10,   10)
          (  10,   10) (  10,   10) (  10,   10) (  10,   10) (  10,   10) (  10,   10) (  10,   10) (  10,   10) (  10,   10) (  10,   10)
          (  10,   10) (  10,   10) (  10,   10) (  10,   10) (  10,   10) (  10,   10) (  10,   10) (  10,   10) (  10,   10) (  10,   10)
          (  10,   10) (  10,   10) (  10,    5) (  10,    5) (  10,    5) (  10,    5) (  10,    5) (   5,    5) (   5,    5) (   5,    5)
          (   5,    5) (   5,    5) (   5,    5) (   5,    5) (   5,    5) (   5,    5) (   5,    5) (   5,    5) (   5,    5) (   5,    5)
          (   5,    5) (   5,    5) (   5,    5) (   5,    5) (   5,    5) (   5,    5) (   5,    5) (   5,    5) (   5,    5) (   5,    5)
          (   5,    5) (   5,    5) (   5,    5) (   5,    5) (   5,    5) (   5,    5) (   5,    5) (   5,    5) (   5,    5) (   5,    5)
          (   5,    5) (   5,    5) (   5,    5) (   5,    5) (   5,    5) (   5,    5) (   5,    5) (   5,    5) (   5,    5) (   5,    5)
          (   5,    5) (   5,    5) (   5,    5) (   5,    5) (   5,    5) (   5,    5) (   5,    5) (   5,    5) (   5,    5) (   5,    5)
          (   5,    5) (   5,    5) (   5,    5) (   5,    5) (   5,    5) (   5,    5) (   5,    5) (   5,    5) (   5,    5) (   5,    5)
          (   5,    5) (   5,    5) (   5,    5) (   5,    5) (   5,    5) (   5,    5) (   5,    5) (   5,    5) (   5,    5) (   5,    5)
          (   5,    5) (   5,    5) (   5,    5) (   5,    5) (   5,    5) (   5,    5) (   5,    5) (   5,    5) (   5,    5) (   5,    5)
          (   5,    5) (   5,    5) (   5,    5) (   5,    5) (   5,    5) (   5,    5) (   5,    5) (   5,    5) (   5,    5) (   5,    5)
          (   5,    5) (   5,    5) (   5,    5) (   5,    5) (   5,    5) (   5,    5) (   5,    5) (   5,    5) (   5,    5) (   5,    5)
          (   5,    5) (   5,    5) (   5,    5) (   5,    5) (   5,    5) (   5,    5) (   5,    5) (   5,    5) (   5,    5) (   5,    5)
          (   5,    5) (   5,    5) (   5,    5) (   5,    5) (   5,    5) (   5,    5) (   5,    5) (   5,    5) (   5,    5) (   5,    5)
          (   5,    5) (   5,    5) (   5,    5) (   5,    5) (   5,    5) (   5,    5) (   5,    5) (   5,    5) (   5,    5) (   5,    5)
          (   5,    5) (   5,    5) (   5,    5) (   5,    5) (   5,    5) (   5,    5) (   5,    5) (   5,    5) (   5,    5) (   5,    5)
          (   5,    5) (   5,    5) (   5,    5) (   5,    5) (   5,    5) (   5,    5) (   5,    5) (   5,    5) (   5,    5) (   5,    5)
          (   5,    5) (   5,    5) (   5,    5) (   5,    5) (   5,    5) (   5,    5) (   5,    5) (   5,    5) (   5,    5) (   5,    5)
          (   5,    5) (   5,    5) (   5,    5) (   5,    5) (   5,    5) (   5,    5) (   5,    5) (   5,    5) (   5,    5) (   5,    5)
          (   5,    5) (   5,    5) (   5,    5) (   5,    5) (   5,    5) (   5,    5) (   5,    5) (   5,    5) (   5,    5) (   5,    5)
          (   5,    5) (   5,    5) (   5,    5) (   5,    5) (   5,    5) (   5,    5) (   5,    5) (   5,    5) (   5,    5) (   5,    5)
          (   5,    5) (   5,    5) (   5,    5) (   5,    5) (   5,    5) (   5,    5) (   5,    5) (   5,    5) (   5,    5) (   5,    5)
          (   5,    5) (   5,    5) (   5,    5) (   5,    5) (   5,    5) (   5,    5) (   5,    5) (   5,    5) (   5,    5) (   5,    5)
          (   5,    5) (   5,    5) (   5,    5) (   5,    5) (   5,    5) (   5,    5) (   5,    5) (   5,    5) (   5,    5) (   5,    5)
          (   5,    5) (   5,    5) (   5,    5) (   5,    5) (   5,    5) (   5,    5) (   5,    5) (   5,    5) (   5,    5) (   5,    5)
          (   5,    5) (   5,    5) (   5,    5) (   5,    5) (   5,    5) (   5,    5) (   5,    5) (   5,    5) (   5,    5) (   5,    5)
          (   5,    5) (   5,    5) (   5,    5) (   5,    5) (   5,    5) (   5,    5) (   5,    5) (   5,    5) (   5,    5) (   5,    5)
          (   5,    5) (   5,    5) (   5,    5) (   5,    5) (   5,    5) (   5,    5) (   5,    5) (   5,    5) (   5,    5) (   5,    5)
          (   5,    5) (   5,    5) (   5,    5) (   5,    5) (   5,    5) (   5,    5) (   5,    5) (   5,    5) (   5,    5) (   5,    5)
          (   5,    5) (   5,    5) (   5,    5) (   5,    5) (   5,    5) (   5,    5) (   5,    5) (   5,    5) (   5,    5) (   5,    5)
          (   5,    5) (   5,    5) (   5,    5) (   5,    5) (   5,    5) (   5,    5) (   5,    5) (   5,    5) (   5,    5) (   5,    5)
          (   5,    5) (   5,    5) (   5,    5) (   5,    5) (   5,    5) (   5,    5) (   5,    5) (   5,    5) (   5,    5) (   5,    5)
          (   5,    5) (   5,    5) (   5,    5) (   5,    5) (   5,    5) (   5,    5) (   5,    5) (   5,    5) (   5,    5) (   5,    5)
          (   5,    5) (   5,    5) (   5,    5) (   5,    5) (   5,    5) (   5,    5) (   5,    5) (   5,    5) (   5,    5) (   5,    5)
          (   5,    5) (   5,    5) (   5,    5) (   5,    5) (   5,    5) (   5,    5) (   5,    5) (   5,    5) (   5,    5) (   5,    5)
          (   5,    5) (   5,    5) (   5,    5) (   5,    5) (   5,    5) (   5,    5) (   5,    5) (   5,    5) (   5,    5) (   5,    5)
          (   5,    5) (   5,    5) (   5,    5) (   5,    5) (   5,    5) (   5,    5) (   5,    5) (   5,    5) (   5,    5) (   5,    5)
          (   5,    5) (   5,    5) (   5,    5) (   5,    5) (   5,    5) (   5,    5) (   5,    5) (   5,    5) (   5,    5) (   5,    5)
          (   5,    5) (   5,    5) (   5,    5) (   5,    5) (   5,    5) (   5,    5) (   5,    5) (   5,    5) (   5,    5) (   5,    5)
          (   5,    5) (   5,    5) (   5,    5) (   5,    5) (   5,    5) (   5,    5) (   5,    5) (   5,    5) (   5,    5) (   5,    5)
          (   5,    5) (   5,    5) (   5,    5) (   5,    5) (   5,    5) (   5,    5) (   5,    5) (   5,    5) (   5,    5) (   5,    5)
          (   5,    5) (   5,    5) (   5,    5) (   5,    5) (   5,    5) (   5,    5) (   5,    5) (   5,    5) (   5,    5) (   5,    5)
          (   5,    5) (   5,    5) (   5,    5) (   5,    5) (   5,    5) (   5,    5) (   5,    5) (   5,    5) (   5,    5) (   5,    5)
          (   5,    5) (   5,    5) (   5,    5) (   5,    5) (   5,    5) (   5,    5) (   5,    5) (   5,    5) (   5,    5) (   5,    5)
          (   5,    5) (   5,    5) (   5,    5) (   5,    5) (   5,    5) (   5,    5) (   5,    5) (   5,    5) (   5,    5) (   5,    5)
          (   5,    5) (   5,    5) (   5,    5) (   5,    5) (   5,    5) (   5,    5) (   5,    5) (   5,    5) (   5,    5) (   5,    5)
          (   5,    5) (   5,    5) (   5,    5) (   5,    5) (   5,    5) (   5,    5) (   5,    5) (   5,    5) (   5,    5) (   5,    5)
          (   5,    5) (   5,    5) (   5,    5) (   5,    5) (   5,    5) (   5,    5) (   5,    5) (   5,    5) (   5,    5) (   5,    5)
          (   5,    5) (   5,    5) (   5,    5) (   5,    5) (   5,    5) (   5,    5) (   5,    5) (   5,    5) (   5,    5) (   5,    5)
          (   5,    5) (   5,    5) (   5,    5) (   5,    5) (   5,    5) (   5,    5) (   5,    5) (   5,    5) (   5,    5) (   5,    5)
          (   5,    5) (   5,    5) (   5,    5) (   5,    5) (   5,    5) (   5,    5) (   5,    5) (   5,    5) (   5,    5) (   5,    5)
          (   5,    5) (   5,    5) (   5,    5) (   5,    5) (   5,    5) (   5,    5) (   5,    5) (   5,    5) (   5,    5) (   5,    5)
          (   5,    5) (   5,    5) (   5,    5) (   5,    5) (   5,    5) (   5,    5) (   5,    5) (   5,    5) (   5,    5) (   5,    5)
          (   5,    5) (   5,    5) (   5,    5) (   5,    5) (   5,    5) (   5,    5) (   5,    5) (   5,    5) (   5,    5) (   5,    5)
          (   5,    5) (   5,    5) (   5,    5) (   5,    5) (   5,    5) (   5,    5) (   5,    5) (   5,    5) (   5,    5) (   5,    5)
          (   5,    5) (   5,    5) (   5,    5) (   5,    5) (   5,    5) (   5,    5) (   5,    5) (   5,    5) (   5,    5) (   5,    5)
          (   5,    5) (   5,    5) (   5,    5) (   5,    5) (   5,    5) (   5,    5) (   5,    5) (   5,    5) (   5,    5) (   5,    5)
          (   5,    5) (   5,    5) (   5,    5) (   5,    5) (   5,    5) (   5,    5) (   5,    5) (   5,    5) (   5,    5) (   5,    5)
          (   5,    5) (   5,    5) (   5,    5) (   5,    5) (   5,    5) (   5,    5) (   5,    5) (   5,    5) (   5,    5) (   5,    5)
          (   5,    5) (   5,    5) (   5,    5) (   5,    5) (   5,    5) (   5,    5) (   5,    5) (   5,    5) (   5,    5) (   5,    5)
          (   5,    5) (   5,    5) (   5,    5) (   5,    5) (   5,    5) (   5,    5) (   5,    5) (   5,    5) (   5,    5) (   5,    5)
         
node   2 sent_total   4008  recv_total   3974

node   3  (   1,    0) (   0,    0) (   4,    2) (   8,    4) (  10,    8) (  10,   10) (  10,   10) (  10,   10) (  10,   10) (  10,   10)
          (  10,   10) (  10,   10) (  10,   10) (  10,   10) (  10,   10) (  10,   10) (  10,   10) (  10,   10) (  10,   10) (  10,   10)
          (  10,   10) (  10,   10) (  10,   10) (  10,   10) (  10,   10) (  10,   10) (  10,   10) (  10,   10) (  10,   10) (  10,   10)
          (  10,   10) (  10,   10) (  10,   10) (  10,   10) (  10,   10) (  10,   10) (  10,   10) (  10,   10) (  10,   10) (  10,   10)
          (  10,   10) (  10,   10) (  10,   10) (  10,   10) (  10,   10) (  10,   10) (  10,   10) (  10,   10) (  10,   10) (  10,   10)
          (  10,   10) (  10,   10) (  10,   10) (  10,   10) (  10,   10) (  10,   10) (  10,   10) (  10,   10) (  10,   10) (  10,   10)
          (  10,   10) (  10,   10) (  10,   10) (  10,   10) (  10,   10) (  10,   10) (  10,   10) (  10,   10) (  10,   10) (  10,   10)
          (  10,   10) (  10,   10) (  10,   10) (  10,   10) (  10,   10) (  10,   10) (  10,   10) (  10,   10) (  10,   10) (  10,   10)
          (  10,   10) (  10,   10) (  10,   10) (  10,   10) (  10,   10) (  10,   10) (  10,   10) (  10,   10) (  10,   10) (  10,   10)
          (  10,   10) (  10,   10) (  10,   10) (  10,   10) (  10,   10) (  10,   10) (  10,   10) (  10,   10) (  10,   10) (  10,   10)
          (  10,   10) (   0,    0) (   0,    0) (   0,    0) (   0,    0) (   0,    0) (   0,    0) (   0,    0) (   0,    0) (   0,    0)
          (   0,    0) (   0,    0) (   0,    0) (   0,    0) (   0,    0) (   0,    0) (   0,    0) (   0,    0) (   0,    0) (   0,    0)
          (   0,    0) (   0,    0) (   0,    0) (   0,    0) (   0,    0) (   0,    0) (   0,    0) (   0,    0) (   0,    0) (   0,    0)
          (   0,    0) (   0,    0) (   0,    0) (   0,    0) (   0,    0) (   0,    0) (   0,    0) (   0,    0) (   0,    0) (   0,    0)
          (   0,    0) (   0,    0) (   0,    0) (   0,    0) (   0,    0) (   0,    0) (   0,    0) (   0,    0) (   0,    0) (   0,    0)
          (   0,    0) (   0,    0) (   0,    0) (   0,    0) (   0,    0) (   0,    0) (   0,    0) (   0,    0) (   0,    0) (   0,    0)
          (   0,    0) (   0,    0) (   0,    0) (   0,    0) (   0,    0) (   0,    0) (   0,    0) (   0,    0) (   0,    0) (   0,    0)
          (   0,    0) (   0,    0) (   0,    0) (   0,    0) (   0,    0) (   0,    0) (   0,    0) (   0,    0) (   0,    0) (   0,    0)
          (   0,    0) (   0,    0) (   0,    0) (   0,    0) (   0,    0) (   0,    0) (   0,    0) (   0,    0) (   0,    0) (   0,    0)
          (   0,    0) (   0,    0) (   0,    0) (   0,    0) (   0,    0) (   0,    0) (   0,    0) (   0,    0) (   0,    0) (   0,    0)
          (   0,    0) (   0,    0) (   0,    0) (   0,    0) (   0,    0) (   0,    0) (   0,    0) (   0,    0) (   0,    0) (   0,    0)
          (   0,    0) (   0,    0) (   0,    0) (   0,    0) (   0,    0) (   0,    0) (   0,    0) (   0,    0) (   0,    0) (   0,    0)
          (   0,    0) (   0,    0) (   0,    0) (   0,    0) (   0,    0) (   0,    0) (   0,    0) (   0,    0) (   0,    0) (   0,    0)
          (   0,    0) (   0,    0) (   0,    0) (   0,    0) (   0,    0) (   0,    0) (   0,    0) (   0,    0) (   0,    0) (   0,    0)
          (   0,    0) (   0,    0) (   0,    0) (   0,    0) (   0,    0) (   0,    0) (   0,    0) (   0,    0) (   0,    0) (   0,    0)
          (   0,    0) (   0,    0) (   0,    0) (   0,    0) (   0,    0) (   0,    0) (   0,    0) (   0,    0) (   0,    0) (   0,    0)
          (   0,    0) (   0,    0) (   0,    0) (   0,    0) (   0,    0) (   0,    0) (   0,    0) (   0,    0) (   0,    0) (   0,    0)
          (   0,    0) (   0,    0) (   0,    0) (   0,    0) (   0,    0) (   0,    0) (   0,    0) (   0,    0) (   0,    0) (   0,    0)
          (   0,    0) (   0,    0) (   0,    0) (   0,    0) (   0,    0) (   0,    0) (   0,    0) (   0,    0) (   0,    0) (   0,    0)
          (   0,    0) (   0,    0) (   0,    0) (   0,    0) (   0,    0) (   0,    0) (   0,    0) (   0,    0) (   0,    0) (   0,    0)
          (   0,    0) (   0,    0) (   0,    0) (   0,    0) (   0,    0) (   0,    0) (   0,    0) (   0,    0) (   0,    0) (   0,    0)
          (   0,    0) (   0,    0) (   0,    0) (   0,    0) (   0,    0) (   0,    0) (   0,    0) (   0,    0) (   0,    0) (   0,    0)
          (   0,    0) (   0,    0) (   0,    0) (   0,    0) (   0,    0) (   0,    0) (   0,    0) (   0,    0) (   0,    0) (   0,    0)
          (   0,    0) (   0,    0) (   0,    0) (   0,    0) (   0,    0) (   0,    0) (   0,    0) (   0,    0) (   0,    0) (   0,    0)
          (   0,    0) (   0,    0) (   0,    0) (   0,    0) (   0,    0) (   0,    0) (   0,    0) (   0,    0) (   0,    0) (   0,    0)
          (   0,    0) (   0,    0) (   0,    0) (   0,    0) (   0,    0) (   0,    0) (   0,    0) (   0,    0) (   0,    0) (   0,    0)
          (   0,    0) (   0,    0) (   0,    0) (   0,    0) (   0,    0) (   0,    0) (   0,    0) (   0,    0) (   0,    0) (   0,    0)
          (   0,    0) (   0,    0) (   0,    0) (   0,    0) (   0,    0) (   0,    0) (   0,    0) (   0,    0) (   0,    0) (   0,    0)
          (   0,    0) (   0,    0) (   0,    0) (   0,    0) (   0,    0) (   0,    0) (   0,    0) (   0,    0) (   0,    0) (   0,    0)
          (   0,    0) (   0,    0) (   0,    0) (   0,    0) (   0,    0) (   0,    0) (   0,    0) (   0,    0) (   0,    0) (   0,    0)
          (   0,    0) (   0,    0) (   0,    0) (   0,    0) (   0,    0) (   0,    0) (   0,    0) (   0,    0) (   0,    0) (   0,    0)
          (   0,    0) (   0,    0) (   0,    0) (   0,    0) (   0,    0) (   0,    0) (   0,    0) (   0,    0) (   0,    0) (   0,    0)
          (   0,    0) (   0,    0) (   0,    0) (   0,    0) (   0,    0) (   0,    0) (   0,    0) (   0,    0) (   0,    0) (   0,    0)
          (   0,    0) (   0,    0) (   0,    0) (   0,    0) (   0,    0) (   0,    0) (   0,    0) (   0,    0) (   0,    0) (   0,    0)
          (   0,    0) (   0,    0) (   0,    0) (   0,    0) (   0,    0) (   0,    0) (   0,    0) (   0,    0) (   0,    0) (   0,    0)
          (   0,    0) (   0,    0) (   0,    0) (   0,    0) (   0,    0) (   0,    0) (   0,    0) (   0,    0) (   0,    0) (   0,    0)
          (   0,    0) (   0,    0) (   0,    0) (   0,    0) (   0,    0) (   0,    0) (   0,    0) (   0,    0) (   0,    0) (   0,    0)
          (   0,    0) (   0,    0) (   0,    0) (   0,    0) (   0,    0) (   0,    0) (   0,    0) (   0,    0) (   0,    0) (   0,    0)
          (   0,    0) (   0,    0) (   0,    0) (   0,    0) (   0,    0) (   0,    0) (   0,    0) (   0,    0) (   0,    0) (   0,    0)
          (   0,    0) (   0,    0) (   0,    0) (   0,    0) (   0,    0) (   0,    0) (   0,    0) (   0,    0) (   0,    0) (   0,    0)
          (   0,    0) (   0,    0) (   0,    0) (   0,    0) (   0,    0) (   0,    0) (   0,    0) (   0,    0) (   0,    0) (   0,    0)
          (   0,    0) (   0,    0) (   0,    0) (   0,    0) (   0,    0) (   0,    0) (   0,    0) (   0,    0) (   0,    0) (   0,    0)
          (   0,    0) (   0,    0) (   0,    0) (   0,    0) (   0,    0) (   0,    0) (   0,    0) (   0,    0) (   0,    0) (   0,    0)
          (   0,    0) (   0,    0) (   0,    0) (   0,    0) (   0,    0) (   0,    0) (   0,    0) (   0,    0) (   0,    0) (   0,    0)
          (   0,    0) (   0,    0) (   0,    0) (   0,    0) (   0,    0) (   0,    0) (   0,    0) (   0,    0) (   0,    0) (   0,    0)
          (   0,    0) (   0,    0) (   0,    0) (   0,    0) (   0,    0) (   0,    0) (   0,    0) (   0,    0) (   0,    0) (   0,    0)
          (   0,    0) (   0,    0) (   0,    0) (   0,    0) (   0,    0) (   0,    0) (   0,    0) (   0,    0) (   0,    0) (   0,    0)
          (   0,    0) (   0,    0) (   0,    0) (   0,    0) (   0,    0) (   0,    0) (   0,    0) (   0,    0) (   0,    0) (   0,    0)
          (   0,    0) (   0,    0) (   0,    0) (   0,    0) (   0,    0) (   0,    0) (   0,    0) (   0,    0) (   0,    0) (   0,    0)
          (   0,    0) (   0,    0) (   0,    0) (   0,    0) (   0,    0) (   0,    0) (   0,    0) (   0,    0) (   0,    0) (   0,    0)
          (   0,    0) (   0,    0) (   0,    0) (   0,    0) (   0,    0) (   0,    0) (   0,    0) (   0,    0) (   0,    0) (   0,    0)
          (   0,    0) (   0,    0) (   0,    0) (   0,    0) (   0,    0) (   0,    0) (   0,    0) (   0,    0) (   0,    0) (   0,    0)
          (   0,    0) (   0,    0) (   0,    0) (   0,    0) (   0,    0) (   0,    0) (   0,    0) (   0,    0) (   0,    0) (   0,    0)
          (   0,    0) (   0,    0) (   0,    0) (   0,    0) (   0,    0) (   0,    0) (   0,    0) (   0,    0) (   0,    0) (   0,    0)
          (   0,    0) (   0,    0) (   0,    0) (   0,    0) (   0,    0) (   0,    0) (   0,    0) (   0,    0) (   0,    0) (   0,    0)
          (   0,    0) (   0,    0) (   0,    0) (   0,    0) (   0,    0) (   0,    0) (   0,    0) (   0,    0) (   0,    0) (   0,    0)
          (   0,    0) (   0,    0) (   0,    0) (   0,    0) (   0,    0) (   0,    0) (   0,    0) (   0,    0) (   0,    0) (   0,    0)
          (   0,    0) (   0,    0) (   0,    0) (   0,    0) (   0,    0) (   0,    0) (   0,    0) (   0,    0) (   0,    0) (   0,    0)
          (   0,    0) (   0,    0) (   0,    0) (   0,    0) (   0,    0) (   0,    0) (   0,    0) (   0,    0) (   0,    0) (   0,    0)
          (   0,    0) (   0,    0) (   0,    0) (   0,    0) (   0,    0) (   0,    0) (   0,    0) (   0,    0) (   0,    0) (   0,    0)
         
node   3 sent_total    983  recv_total    974

node   4  (   1,    0) (   0,    0) (   4,    2) (   8,    4) (  10,    8) (  10,   10) (  10,   10) (  10,   10) (  10,   10) (  10,   10)
          (  10,   10) (  10,   10) (  10,   10) (  10,   10) (  10,   10) (  10,   10) (  10,   10) (  10,   10) (  10,   10) (  10,   10)
          (  10,   10) (  10,   10) (  10,   10) (  10,   10) (  10,   10) (  10,   10) (  10,   10) (  10,   10) (  10,   10) (  10,   10)
          (  10,   10) (  10,   10) (  10,   10) (  10,   10) (  10,   10) (  10,   10) (  10,   10) (  10,   10) (  10,   10) (  10,   10)
          (  10,   10) (  10,   10) (  10,   10) (  10,   10) (  10,   10) (  10,   10) (  10,   10) (  10,   10) (  10,   10) (  10,   10)
          (  10,   10) (  10,   10) (  10,   10) (  10,   10) (  10,   10) (  10,   10) (  10,   10) (  10,   10) (  10,   10) (  10,   10)
          (  10,   10) (  10,   10) (  10,   10) (  10,   10) (  10,   10) (  10,   10) (  10,   10) (  10,   10) (  10,   10) (  10,   10)
          (  10,   10) (  10,   10) (  10,   10) (  10,   10) (  10,   10) (  10,   10) (  10,   10) (  10,   10) (  10,   10) (  10,   10)
          (  10,   10) (  10,   10) (  10,   10) (  10,   10) (  10,   10) (  10,   10) (  10,   10) (  10,   10) (  10,   10) (  10,   10)
          (  10,   10) (  10,   10) (  10,   10) (  10,   10) (  10,   10) (  10,   10) (  10,   10) (  10,   10) (  10,   10) (  10,   10)
          (  10,   10) (   0,    0) (   0,    0) (   0,    0) (   0,    0) (   0,    0) (   0,    0) (   0,    0) (   0,    0) (   0,    0)
          (   0,    0) (   0,    0) (   0,    0) (   0,    0) (   0,    0) (   0,    0) (   0,    0) (   0,    0) (   0,    0) (   0,    0)
          (   0,    0) (   0,    0) (   0,    0) (   0,    0) (   0,    0) (   0,    0) (   0,    0) (   0,    0) (   0,    0) (   0,    0)
          (   0,    0) (   0,    0) (   0,    0) (   0,    0) (   0,    0) (   0,    0) (   0,    0) (   0,    0) (   0,    0) (   0,    0)
          (   0,    0) (   0,    0) (   0,    0) (   0,    0) (   0,    0) (   0,    0) (   0,    0) (   0,    0) (   0,    0) (   0,    0)
          (   0,    0) (   0,    0) (   0,    0) (   0,    0) (   0,    0) (   0,    0) (   0,    0) (   0,    0) (   0,    0) (   0,    0)
          (   0,    0) (   0,    0) (   0,    0) (   0,    0) (   0,    0) (   0,    0) (   0,    0) (   0,    0) (   0,    0) (   0,    0)
          (   0,    0) (   0,    0) (   0,    0) (   0,    0) (   0,    0) (   0,    0) (   0,    0) (   0,    0) (   0,    0) (   0,    0)
          (   0,    0) (   0,    0) (   0,    0) (   0,    0) (   0,    0) (   0,    0) (   0,    0) (   0,    0) (   0,    0) (   0,    0)
          (   0,    0) (   0,    0) (   0,    0) (   0,    0) (   0,    0) (   0,    0) (   0,    0) (   0,    0) (   0,    0) (   0,    0)
          (   0,    0) (   0,    0) (   0,    0) (   0,    0) (   0,    0) (   0,    0) (   0,    0) (   0,    0) (   0,    0) (   0,    0)
          (   0,    0) (   0,    0) (   0,    0) (   0,    0) (   0,    0) (   0,    0) (   0,    0) (   0,    0) (   0,    0) (   0,    0)
          (   0,    0) (   0,    0) (   0,    0) (   0,    0) (   0,    0) (   0,    0) (   0,    0) (   0,    0) (   0,    0) (   0,    0)
          (   0,    0) (   0,    0) (   0,    0) (   0,    0) (   0,    0) (   0,    0) (   0,    0) (   0,    0) (   0,    0) (   0,    0)
          (   0,    0) (   0,    0) (   0,    0) (   0,    0) (   0,    0) (   0,    0) (   0,    0) (   0,    0) (   0,    0) (   0,    0)
          (   0,    0) (   0,    0) (   0,    0) (   0,    0) (   0,    0) (   0,    0) (   0,    0) (   0,    0) (   0,    0) (   0,    0)
          (   0,    0) (   0,    0) (   0,    0) (   0,    0) (   0,    0) (   0,    0) (   0,    0) (   0,    0) (   0,    0) (   0,    0)
          (   0,    0) (   0,    0) (   0,    0) (   0,    0) (   0,    0) (   0,    0) (   0,    0) (   0,    0) (   0,    0) (   0,    0)
          (   0,    0) (   0,    0) (   0,    0) (   0,    0) (   0,    0) (   0,    0) (   0,    0) (   0,    0) (   0,    0) (   0,    0)
          (   0,    0) (   0,    0) (   0,    0) (   0,    0) (   0,    0) (   0,    0) (   0,    0) (   0,    0) (   0,    0) (   0,    0)
          (   0,    0) (   0,    0) (   0,    0) (   0,    0) (   0,    0) (   0,    0) (   0,    0) (   0,    0) (   0,    0) (   0,    0)
          (   0,    0) (   0,    0) (   0,    0) (   0,    0) (   0,    0) (   0,    0) (   0,    0) (   0,    0) (   0,    0) (   0,    0)
          (   0,    0) (   0,    0) (   0,    0) (   0,    0) (   0,    0) (   0,    0) (   0,    0) (   0,    0) (   0,    0) (   0,    0)
          (   0,    0) (   0,    0) (   0,    0) (   0,    0) (   0,    0) (   0,    0) (   0,    0) (   0,    0) (   0,    0) (   0,    0)
          (   0,    0) (   0,    0) (   0,    0) (   0,    0) (   0,    0) (   0,    0) (   0,    0) (   0,    0) (   0,    0) (   0,    0)
          (   0,    0) (   0,    0) (   0,    0) (   0,    0) (   0,    0) (   0,    0) (   0,    0) (   0,    0) (   0,    0) (   0,    0)
          (   0,    0) (   0,    0) (   0,    0) (   0,    0) (   0,    0) (   0,    0) (   0,    0) (   0,    0) (   0,    0) (   0,    0)
          (   0,    0) (   0,    0) (   0,    0) (   0,    0) (   0,    0) (   0,    0) (   0,    0) (   0,    0) (   0,    0) (   0,    0)
          (   0,    0) (   0,    0) (   0,    0) (   0,    0) (   0,    0) (   0,    0) (   0,    0) (   0,    0) (   0,    0) (   0,    0)
          (   0,    0) (   0,    0) (   0,    0) (   0,    0) (   0,    0) (   0,    0) (   0,    0) (   0,    0) (   0,    0) (   0,    0)
          (   0,    0) (   0,    0) (   0,    0) (   0,    0) (   0,    0) (   0,    0) (   0,    0) (   0,    0) (   0,    0) (   0,    0)
          (   0,    0) (   0,    0) (   0,    0) (   0,    0) (   0,    0) (   0,    0) (   0,    0) (   0,    0) (   0,    0) (   0,    0)
          (   0,    0) (   0,    0) (   0,    0) (   0,    0) (   0,    0) (   0,    0) (   0,    0) (   0,    0) (   0,    0) (   0,    0)
          (   0,    0) (   0,    0) (   0,    0) (   0,    0) (   0,    0) (   0,    0) (   0,    0) (   0,    0) (   0,    0) (   0,    0)
          (   0,    0) (   0,    0) (   0,    0) (   0,    0) (   0,    0) (   0,    0) (   0,    0) (   0,    0) (   0,    0) (   0,    0)
          (   0,    0) (   0,    0) (   0,    0) (   0,    0) (   0,    0) (   0,    0) (   0,    0) (   0,    0) (   0,    0) (   0,    0)
          (   0,    0) (   0,    0) (   0,    0) (   0,    0) (   0,    0) (   0,    0) (   0,    0) (   0,    0) (   0,    0) (   0,    0)
          (   0,    0) (   0,    0) (   0,    0) (   0,    0) (   0,    0) (   0,    0) (   0,    0) (   0,    0) (   0,    0) (   0,    0)
          (   0,    0) (   0,    0) (   0,    0) (   0,    0) (   0,    0) (   0,    0) (   0,    0) (   0,    0) (   0,    0) (   0,    0)
          (   0,    0) (   0,    0) (   0,    0) (   0,    0) (   0,    0) (   0,    0) (   0,    0) (   0,    0) (   0,    0) (   0,    0)
          (   0,    0) (   0,    0) (   0,    0) (   0,    0) (   0,    0) (   0,    0) (   0,    0) (   0,    0) (   0,    0) (   0,    0)
          (   0,    0) (   0,    0) (   0,    0) (   0,    0) (   0,    0) (   0,    0) (   0,    0) (   0,    0) (   0,    0) (   0,    0)
          (   0,    0) (   0,    0) (   0,    0) (   0,    0) (   0,    0) (   0,    0) (   0,    0) (   0,    0) (   0,    0) (   0,    0)
          (   0,    0) (   0,    0) (   0,    0) (   0,    0) (   0,    0) (   0,    0) (   0,    0) (   0,    0) (   0,    0) (   0,    0)
          (   0,    0) (   0,    0) (   0,    0) (   0,    0) (   0,    0) (   0,    0) (   0,    0) (   0,    0) (   0,    0) (   0,    0)
          (   0,    0) (   0,    0) (   0,    0) (   0,    0) (   0,    0) (   0,    0) (   0,    0) (   0,    0) (   0,    0) (   0,    0)
          (   0,    0) (   0,    0) (   0,    0) (   0,    0) (   0,    0) (   0,    0) (   0,    0) (   0,    0) (   0,    0) (   0,    0)
          (   0,    0) (   0,    0) (   0,    0) (   0,    0) (   0,    0) (   0,    0) (   0,    0) (   0,    0) (   0,    0) (   0,    0)
          (   0,    0) (   0,    0) (   0,    0) (   0,    0) (   0,    0) (   0,    0) (   0,    0) (   0,    0) (   0,    0) (   0,    0)
          (   0,    0) (   0,    0) (   0,    0) (   0,    0) (   0,    0) (   0,    0) (   0,    0) (   0,    0) (   0,    0) (   0,    0)
          (   0,    0) (   0,    0) (   0,    0) (   0,    0) (   0,    0) (   0,    0) (   0,    0) (   0,    0) (   0,    0) (   0,    0)
          (   0,    0) (   0,    0) (   0,    0) (   0,    0) (   0,    0) (   0,    0) (   0,    0) (   0,    0) (   0,    0) (   0,    0)
          (   0,    0) (   0,    0) (   0,    0) (   0,    0) (   0,    0) (   0,    0) (   0,    0) (   0,    0) (   0,    0) (   0,    0)
          (   0,    0) (   0,    0) (   0,    0) (   0,    0) (   0,    0) (   0,    0) (   0,    0) (   0,    0) (   0,    0) (   0,    0)
          (   0,    0) (   0,    0) (   0,    0) (   0,    0) (   0,    0) (   0,    0) (   0,    0) (   0,    0) (   0,    0) (   0,    0)
          (   0,    0) (   0,    0) (   0,    0) (   0,    0) (   0,    0) (   0,    0) (   0,    0) (   0,    0) (   0,    0) (   0,    0)
          (   0,    0) (   0,    0) (   0,    0) (   0,    0) (   0,    0) (   0,    0) (   0,    0) (   0,    0) (   0,    0) (   0,    0)
          (   0,    0) (   0,    0) (   0,    0) (   0,    0) (   0,    0) (   0,    0) (   0,    0) (   0,    0) (   0,    0) (   0,    0)
          (   0,    0) (   0,    0) (   0,    0) (   0,    0) (   0,    0) (   0,    0) (   0,    0) (   0,    0) (   0,    0) (   0,    0)
          (   0,    0) (   0,    0) (   0,    0) (   0,    0) (   0,    0) (   0,    0) (   0,    0) (   0,    0) (   0,    0) (   0,    0)
         
node   4 sent_total    983  recv_total    974

node   5  (   0,    0) (   1,    0) (   0,    0) (   8,    2) (  10,    8) (  10,   10) (  10,   10) (  10,   10) (  10,   10) (  10,   10)
          (  10,   10) (  10,   10) (  10,   10) (  10,   10) (  10,   10) (  10,   10) (  10,   10) (  10,   10) (  10,   10) (  10,   10)
          (  10,   10) (  10,   10) (  10,   10) (  10,   10) (  10,   10) (  10,   10) (  10,   10) (  10,   10) (  10,   10) (  10,   10)
          (  10,   10) (  10,   10) (  10,   10) (  10,   10) (  10,   10) (  10,   10) (  10,   10) (  10,   10) (  10,   10) (  10,   10)
          (  10,   10) (  10,   10) (  10,   10) (  10,   10) (  10,   10) (  10,   10) (  10,   10) (  10,   10) (  10,   10) (  10,   10)
          (  10,   10) (  10,   10) (  10,   10) (  10,   10) (  10,   10) (  10,   10) (  10,   10) (  10,   10) (  10,   10) (  10,   10)
          (  10,   10) (  10,   10) (  10,   10) (  10,   10) (  10,   10) (  10,   10) (  10,   10) (  10,   10) (  10,   10) (  10,   10)
          (  10,   10) (  10,   10) (  10,   10) (  10,   10) (  10,   10) (  10,   10) (  10,   10) (  10,   10) (  10,   10) (  10,   10)
          (  10,   10) (  10,   10) (  10,   10) (  10,   10) (  10,   10) (  10,   10) (  10,   10) (  10,   10) (  10,   10) (  10,   10)
          (  10,   10) (  10,   10) (  10,   10) (  10,   10) (  10,   10) (  10,   10) (  10,   10) (  10,   10) (  10,   10) (  10,   10)
          (  10,   10) (   0,    0) (   0,    0) (   0,    0) (   0,    0) (   0,    0) (   0,    0) (   0,    0) (   0,    0) (   0,    0)
          (   0,    0) (   0,    0) (   0,    0) (   0,    0) (   0,    0) (   0,    0) (   0,    0) (   0,    0) (   0,    0) (   0,    0)
          (   0,    0) (   0,    0) (   0,    0) (   0,    0) (   0,    0) (   0,    0) (   0,    0) (   0,    0) (   0,    0) (   0,    0)
          (   0,    0) (   0,    0) (   0,    0) (   0,    0) (   0,    0) (   0,    0) (   0,    0) (   0,    0) (   0,    0) (   0,    0)
          (   0,    0) (   0,    0) (   0,    0) (   0,    0) (   0,    0) (   0,    0) (   0,    0) (   0,    0) (   0,    0) (   0,    0)
          (   0,    0) (   0,    0) (   0,    0) (   0,    0) (   0,    0) (   0,    0) (   0,    0) (   0,    0) (   0,    0) (   0,    0)
          (   0,    0) (   0,    0) (   0,    0) (   0,    0) (   0,    0) (   0,    0) (   0,    0) (   0,    0) (   0,    0) (   0,    0)
          (   0,    0) (   0,    0) (   0,    0) (   0,    0) (   0,    0) (   0,    0) (   0,    0) (   0,    0) (   0,    0) (   0,    0)
          (   0,    0) (   0,    0) (   0,    0) (   0,    0) (   0,    0) (   0,    0) (   0,    0) (   0,    0) (   0,    0) (   0,    0)
          (   0,    0) (   0,    0) (   0,    0) (   0,    0) (   0,    0) (   0,    0) (   0,    0) (   0,    0) (   0,    0) (   0,    0)
          (   0,    0) (   0,    0) (   0,    0) (   0,    0) (   0,    0) (   0,    0) (   0,    0) (   0,    0) (   0,    0) (   0,    0)
          (   0,    0) (   0,    0) (   0,    0) (   0,    0) (   0,    0) (   0,    0) (   0,    0) (   0,    0) (   0,    0) (   0,    0)
          (   0,    0) (   0,    0) (   0,    0) (   0,    0) (   0,    0) (   0,    0) (   0,    0) (   0,    0) (   0,    0) (   0,    0)
          (   0,    0) (   0,    0) (   0,    0) (   0,    0) (   0,    0) (   0,    0) (   0,    0) (   0,    0) (   0,    0) (   0,    0)
          (   0,    0) (   0,    0) (   0,    0) (   0,    0) (   0,    0) (   0,    0) (   0,    0) (   0,    0) (   0,    0) (   0,    0)
          (   0,    0) (   0,    0) (   0,    0) (   0,    0) (   0,    0) (   0,    0) (   0,    0) (   0,    0) (   0,    0) (   0,    0)
          (   0,    0) (   0,    0) (   0,    0) (   0,    0) (   0,    0) (   0,    0) (   0,    0) (   0,    0) (   0,    0) (   0,    0)
          (   0,    0) (   0,    0) (   0,    0) (   0,    0) (   0,    0) (   0,    0) (   0,    0) (   0,    0) (   0,    0) (   0,    0)
          (   0,    0) (   0,    0) (   0,    0) (   0,    0) (   0,    0) (   0,    0) (   0,    0) (   0,    0) (   0,    0) (   0,    0)
          (   0,    0) (   0,    0) (   0,    0) (   0,    0) (   0,    0) (   0,    0) (   0,    0) (   0,    0) (   0,    0) (   0,    0)
          (   0,    0) (   0,    0) (   0,    0) (   0,    0) (   0,    0) (   0,    0) (   0,    0) (   0,    0) (   0,    0) (   0,    0)
          (   0,    0) (   0,    0) (   0,    0) (   0,    0) (   0,    0) (   0,    0) (   0,    0) (   0,    0) (   0,    0) (   0,    0)
          (   0,    0) (   0,    0) (   0,    0) (   0,    0) (   0,    0) (   0,    0) (   0,    0) (   0,    0) (   0,    0) (   0,    0)
          (   0,    0) (   0,    0) (   0,    0) (   0,    0) (   0,    0) (   0,    0) (   0,    0) (   0,    0) (   0,    0) (   0,    0)
          (   0,    0) (   0,    0) (   0,    0) (   0,    0) (   0,    0) (   0,    0) (   0,    0) (   0,    0) (   0,    0) (   0,    0)
          (   0,    0) (   0,    0) (   0,    0) (   0,    0) (   0,    0) (   0,    0) (   0,    0) (   0,    0) (   0,    0) (   0,    0)
          (   0,    0) (   0,    0) (   0,    0) (   0,    0) (   0,    0) (   0,    0) (   0,    0) (   0,    0) (   0,    0) (   0,    0)
          (   0,    0) (   0,    0) (   0,    0) (   0,    0) (   0,    0) (   0,    0) (   0,    0) (   0,    0) (   0,    0) (   0,    0)
          (   0,    0) (   0,    0) (   0,    0) (   0,    0) (   0,    0) (   0,    0) (   0,    0) (   0,    0) (   0,    0) (   0,    0)
          (   0,    0) (   0,    0) (   0,    0) (   0,    0) (   0,    0) (   0,    0) (   0,    0) (   0,    0) (   0,    0) (   0,    0)
          (   0,    0) (   0,    0) (   0,    0) (   0,    0) (   0,    0) (   0,    0) (   0,    0) (   0,    0) (   0,    0) (   0,    0)
          (   0,    0) (   0,    0) (   0,    0) (   0,    0) (   0,    0) (   0,    0) (   0,    0) (   0,    0) (   0,    0) (   0,    0)
          (   0,    0) (   0,    0) (   0,    0) (   0,    0) (   0,    0) (   0,    0) (   0,    0) (   0,    0) (   0,    0) (   0,    0)
          (   0,    0) (   0,    0) (   0,    0) (   0,    0) (   0,    0) (   0,    0) (   0,    0) (   0,    0) (   0,    0) (   0,    0)
          (   0,    0) (   0,    0) (   0,    0) (   0,    0) (   0,    0) (   0,    0) (   0,    0) (   0,    0) (   0,    0) (   0,    0)
          (   0,    0) (   0,    0) (   0,    0) (   0,    0) (   0,    0) (   0,    0) (   0,    0) (   0,    0) (   0,    0) (   0,    0)
          (   0,    0) (   0,    0) (   0,    0) (   0,    0) (   0,    0) (   0,    0) (   0,    0) (   0,    0) (   0,    0) (   0,    0)
          (   0,    0) (   0,    0) (   0,    0) (   0,    0) (   0,    0) (   0,    0) (   0,    0) (   0,    0) (   0,    0) (   0,    0)
          (   0,    0) (   0,    0) (   0,    0) (   0,    0) (   0,    0) (   0,    0) (   0,    0) (   0,    0) (   0,    0) (   0,    0)
          (   0,    0) (   0,    0) (   0,    0) (   0,    0) (   0,    0) (   0,    0) (   0,    0) (   0,    0) (   0,    0) (   0,    0)
          (   0,    0) (   0,    0) (   0,    0) (   0,    0) (   0,    0) (   0,    0) (   0,    0) (   0,    0) (   0,    0) (   0,    0)
          (   0,    0) (   0,    0) (   0,    0) (   0,    0) (   0,    0) (   0,    0) (   0,    0) (   0,    0) (   0,    0) (   0,    0)
          (   0,    0) (   0,    0) (   0,    0) (   0,    0) (   0,    0) (   0,    0) (   0,    0) (   0,    0) (   0,    0) (   0,    0)
          (   0,    0) (   0,    0) (   0,    0) (   0,    0) (   0,    0) (   0,    0) (   0,    0) (   0,    0) (   0,    0) (   0,    0)
          (   0,    0) (   0,    0) (   0,    0) (   0,    0) (   0,    0) (   0,    0) (   0,    0) (   0,    0) (   0,    0) (   0,    0)
          (   0,    0) (   0,    0) (   0,    0) (   0,    0) (   0,    0) (   0,    0) (   0,    0) (   0,    0) (   0,    0) (   0,    0)
          (   0,    0) (   0,    0) (   0,    0) (   0,    0) (   0,    0) (   0,    0) (   0,    0) (   0,    0) (   0,    0) (   0,    0)
          (   0,    0) (   0,    0) (   0,    0) (   0,    0) (   0,    0) (   0,    0) (   0,    0) (   0,    0) (   0,    0) (   0,    0)
          (   0,    0) (   0,    0) (   0,    0) (   0,    0) (   0,    0) (   0,    0) (   0,    0) (   0,    0) (   0,    0) (   0,    0)
          (   0,    0) (   0,    0) (   0,    0) (   0,    0) (   0,    0) (   0,    0) (   0,    0) (   0,    0) (   0,    0) (   0,    0)
          (   0,    0) (   0,    0) (   0,    0) (   0,    0) (   0,    0) (   0,    0) (   0,    0) (   0,    0) (   0,    0) (   0,    0)
          (   0,    0) (   0,    0) (   0,    0) (   0,    0) (   0,    0) (   0,    0) (   0,    0) (   0,    0) (   0,    0) (   0,    0)
          (   0,    0) (   0,    0) (   0,    0) (   0,    0) (   0,    0) (   0,    0) (   0,    0) (   0,    0) (   0,    0) (   0,    0)
          (   0,    0) (   0,    0) (   0,    0) (   0,    0) (   0,    0) (   0,    0) (   0,    0) (   0,    0) (   0,    0) (   0,    0)
          (   0,    0) (   0,    0) (   0,    0) (   0,    0) (   0,    0) (   0,    0) (   0,    0) (   0,    0) (   0,    0) (   0,    0)
          (   0,    0) (   0,    0) (   0,    0) (   0,    0) (   0,    0) (   0,    0) (   0,    0) (   0,    0) (   0,    0) (   0,    0)
          (   0,    0) (   0,    0) (   0,    0) (   0,    0) (   0,    0) (   0,    0) (   0,    0) (   0,    0) (   0,    0) (   0,    0)
          (   0,    0) (   0,    0) (   0,    0) (   0,    0) (   0,    0) (   0,    0) (   0,    0) (   0,    0) (   0,    0) (   0,    0)
          (   0,    0) (   0,    0) (   0,    0) (   0,    0) (   0,    0) (   0,    0) (   0,    0) (   0,    0) (   0,    0) (   0,    0)
          (   0,    0) (   0,    0) (   0,    0) (   0,    0) (   0,    0) (   0,    0) (   0,    0) (   0,    0) (   0,    0) (   0,    0)
         
node   5 sent_total    979  recv_total    970

node   6  (   0,    0) (   1,    0) (   0,    0) (   8,    2) (  10,    8) (  10,   10) (  10,   10) (  10,   10) (  10,   10) (  10,   10)
          (  10,   10) (  10,   10) (  10,   10) (  10,   10) (  10,   10) (  10,   10) (  10,   10) (  10,   10) (  10,   10) (  10,   10)
          (  10,   10) (  10,   10) (  10,   10) (  10,   10) (  10,   10) (  10,   10) (  10,   10) (  10,   10) (  10,   10) (  10,   10)
          (  10,   10) (  10,   10) (  10,   10) (  10,   10) (  10,   10) (  10,   10) (  10,   10) (  10,   10) (  10,   10) (  10,   10)
          (  10,   10) (  10,   10) (  10,   10) (  10,   10) (  10,   10) (  10,   10) (  10,   10) (  10,   10) (  10,   10) (  10,   10)
          (  10,   10) (  10,   10) (  10,   10) (  10,   10) (  10,   10) (  10,   10) (  10,   10) (  10,   10) (  10,   10) (  10,   10)
          (  10,   10) (  10,   10) (  10,   10) (  10,   10) (  10,   10) (  10,   10) (  10,   10) (  10,   10) (  10,   10) (  10,   10)
          (  10,   10) (  10,   10) (  10,   10) (  10,   10) (  10,   10) (  10,   10) (  10,   10) (  10,   10) (  10,   10) (  10,   10)
          (  10,   10) (  10,   10) (  10,   10) (  10,   10) (  10,   10) (  10,   10) (  10,   10) (  10,   10) (  10,   10) (  10,   10)
          (  10,   10) (  10,   10) (  10,   10) (  10,   10) (  10,   10) (  10,   10) (  10,   10) (  10,   10) (  10,   10) (  10,   10)
          (  10,   10) (   0,    0) (   0,    0) (   0,    0) (   0,    0) (   0,    0) (   0,    0) (   0,    0) (   0,    0) (   0,    0)
          (   0,    0) (   0,    0) (   0,    0) (   0,    0) (   0,    0) (   0,    0) (   0,    0) (   0,    0) (   0,    0) (   0,    0)
          (   0,    0) (   0,    0) (   0,    0) (   0,    0) (   0,    0) (   0,    0) (   0,    0) (   0,    0) (   0,    0) (   0,    0)
          (   0,    0) (   0,    0) (   0,    0) (   0,    0) (   0,    0) (   0,    0) (   0,    0) (   0,    0) (   0,    0) (   0,    0)
          (   0,    0) (   0,    0) (   0,    0) (   0,    0) (   0,    0) (   0,    0) (   0,    0) (   0,    0) (   0,    0) (   0,    0)
          (   0,    0) (   0,    0) (   0,    0) (   0,    0) (   0,    0) (   0,    0) (   0,    0) (   0,    0) (   0,    0) (   0,    0)
          (   0,    0) (   0,    0) (   0,    0) (   0,    0) (   0,    0) (   0,    0) (   0,    0) (   0,    0) (   0,    0) (   0,    0)
          (   0,    0) (   0,    0) (   0,    0) (   0,    0) (   0,    0) (   0,    0) (   0,    0) (   0,    0) (   0,    0) (   0,    0)
          (   0,    0) (   0,    0) (   0,    0) (   0,    0) (   0,    0) (   0,    0) (   0,    0) (   0,    0) (   0,    0) (   0,    0)
          (   0,    0) (   0,    0) (   0,    0) (   0,    0) (   0,    0) (   0,    0) (   0,    0) (   0,    0) (   0,    0) (   0,    0)
          (   0,    0) (   0,    0) (   0,    0) (   0,    0) (   0,    0) (   0,    0) (   0,    0) (   0,    0) (   0,    0) (   0,    0)
          (   0,    0) (   0,    0) (   0,    0) (   0,    0) (   0,    0) (   0,    0) (   0,    0) (   0,    0) (   0,    0) (   0,    0)
          (   0,    0) (   0,    0) (   0,    0) (   0,    0) (   0,    0) (   0,    0) (   0,    0) (   0,    0) (   0,    0) (   0,    0)
          (   0,    0) (   0,    0) (   0,    0) (   0,    0) (   0,    0) (   0,    0) (   0,    0) (   0,    0) (   0,    0) (   0,    0)
          (   0,    0) (   0,    0) (   0,    0) (   0,    0) (   0,    0) (   0,    0) (   0,    0) (   0,    0) (   0,    0) (   0,    0)
          (   0,    0) (   0,    0) (   0,    0) (   0,    0) (   0,    0) (   0,    0) (   0,    0) (   0,    0) (   0,    0) (   0,    0)
          (   0,    0) (   0,    0) (   0,    0) (   0,    0) (   0,    0) (   0,    0) (   0,    0) (   0,    0) (   0,    0) (   0,    0)
          (   0,    0) (   0,    0) (   0,    0) (   0,    0) (   0,    0) (   0,    0) (   0,    0) (   0,    0) (   0,    0) (   0,    0)
          (   0,    0) (   0,    0) (   0,    0) (   0,    0) (   0,    0) (   0,    0) (   0,    0) (   0,    0) (   0,    0) (   0,    0)
          (   0,    0) (   0,    0) (   0,    0) (   0,    0) (   0,    0) (   0,    0) (   0,    0) (   0,    0) (   0,    0) (   0,    0)
          (   0,    0) (   0,    0) (   0,    0) (   0,    0) (   0,    0) (   0,    0) (   0,    0) (   0,    0) (   0,    0) (   0,    0)
          (   0,    0) (   0,    0) (   0,    0) (   0,    0) (   0,    0) (   0,    0) (   0,    0) (   0,    0) (   0,    0) (   0,    0)
          (   0,    0) (   0,    0) (   0,    0) (   0,    0) (   0,    0) (   0,    0) (   0,    0) (   0,    0) (   0,    0) (   0,    0)
          (   0,    0) (   0,    0) (   0,    0) (   0,    0) (   0,    0) (   0,    0) (   0,    0) (   0,    0) (   0,    0) (   0,    0)
          (   0,    0) (   0,    0) (   0,    0) (   0,    0) (   0,    0) (   0,    0) (   0,    0) (   0,    0) (   0,    0) (   0,    0)
          (   0,    0) (   0,    0) (   0,    0) (   0,    0) (   0,    0) (   0,    0) (   0,    0) (   0,    0) (   0,    0) (   0,    0)
          (   0,    0) (   0,    0) (   0,    0) (   0,    0) (   0,    0) (   0,    0) (   0,    0) (   0,    0) (   0,    0) (   0,    0)
          (   0,    0) (   0,    0) (   0,    0) (   0,    0) (   0,    0) (   0,    0) (   0,    0) (   0,    0) (   0,    0) (   0,    0)
          (   0,    0) (   0,    0) (   0,    0) (   0,    0) (   0,    0) (   0,    0) (   0,    0) (   0,    0) (   0,    0) (   0,    0)
          (   0,    0) (   0,    0) (   0,    0) (   0,    0) (   0,    0) (   0,    0) (   0,    0) (   0,    0) (   0,    0) (   0,    0)
          (   0,    0) (   0,    0) (   0,    0) (   0,    0) (   0,    0) (   0,    0) (   0,    0) (   0,    0) (   0,    0) (   0,    0)
          (   0,    0) (   0,    0) (   0,    0) (   0,    0) (   0,    0) (   0,    0) (   0,    0) (   0,    0) (   0,    0) (   0,    0)
          (   0,    0) (   0,    0) (   0,    0) (   0,    0) (   0,    0) (   0,    0) (   0,    0) (   0,    0) (   0,    0) (   0,    0)
          (   0,    0) (   0,    0) (   0,    0) (   0,    0) (   0,    0) (   0,    0) (   0,    0) (   0,    0) (   0,    0) (   0,    0)
          (   0,    0) (   0,    0) (   0,    0) (   0,    0) (   0,    0) (   0,    0) (   0,    0) (   0,    0) (   0,    0) (   0,    0)
          (   0,    0) (   0,    0) (   0,    0) (   0,    0) (   0,    0) (   0,    0) (   0,    0) (   0,    0) (   0,    0) (   0,    0)
          (   0,    0) (   0,    0) (   0,    0) (   0,    0) (   0,    0) (   0,    0) (   0,    0) (   0,    0) (   0,    0) (   0,    0)
          (   0,    0) (   0,    0) (   0,    0) (   0,    0) (   0,    0) (   0,    0) (   0,    0) (   0,    0) (   0,    0) (   0,    0)
          (   0,    0) (   0,    0) (   0,    0) (   0,    0) (   0,    0) (   0,    0) (   0,    0) (   0,    0) (   0,    0) (   0,    0)
          (   0,    0) (   0,    0) (   0,    0) (   0,    0) (   0,    0) (   0,    0) (   0,    0) (   0,    0) (   0,    0) (   0,    0)
          (   0,    0) (   0,    0) (   0,    0) (   0,    0) (   0,    0) (   0,    0) (   0,    0) (   0,    0) (   0,    0) (   0,    0)
          (   0,    0) (   0,    0) (   0,    0) (   0,    0) (   0,    0) (   0,    0) (   0,    0) (   0,    0) (   0,    0) (   0,    0)
          (   0,    0) (   0,    0) (   0,    0) (   0,    0) (   0,    0) (   0,    0) (   0,    0) (   0,    0) (   0,    0) (   0,    0)
          (   0,    0) (   0,    0) (   0,    0) (   0,    0) (   0,    0) (   0,    0) (   0,    0) (   0,    0) (   0,    0) (   0,    0)
          (   0,    0) (   0,    0) (   0,    0) (   0,    0) (   0,    0) (   0,    0) (   0,    0) (   0,    0) (   0,    0) (   0,    0)
          (   0,    0) (   0,    0) (   0,    0) (   0,    0) (   0,    0) (   0,    0) (   0,    0) (   0,    0) (   0,    0) (   0,    0)
          (   0,    0) (   0,    0) (   0,    0) (   0,    0) (   0,    0) (   0,    0) (   0,    0) (   0,    0) (   0,    0) (   0,    0)
          (   0,    0) (   0,    0) (   0,    0) (   0,    0) (   0,    0) (   0,    0) (   0,    0) (   0,    0) (   0,    0) (   0,    0)
          (   0,    0) (   0,    0) (   0,    0) (   0,    0) (   0,    0) (   0,    0) (   0,    0) (   0,    0) (   0,    0) (   0,    0)
          (   0,    0) (   0,    0) (   0,    0) (   0,    0) (   0,    0) (   0,    0) (   0,    0) (   0,    0) (   0,    0) (   0,    0)
          (   0,    0) (   0,    0) (   0,    0) (   0,    0) (   0,    0) (   0,    0) (   0,    0) (   0,    0) (   0,    0) (   0,    0)
          (   0,    0) (   0,    0) (   0,    0) (   0,    0) (   0,    0) (   0,    0) (   0,    0) (   0,    0) (   0,    0) (   0,    0)
          (   0,    0) (   0,    0) (   0,    0) (   0,    0) (   0,    0) (   0,    0) (   0,    0) (   0,    0) (   0,    0) (   0,    0)
          (   0,    0) (   0,    0) (   0,    0) (   0,    0) (   0,    0) (   0,    0) (   0,    0) (   0,    0) (   0,    0) (   0,    0)
          (   0,    0) (   0,    0) (   0,    0) (   0,    0) (   0,    0) (   0,    0) (   0,    0) (   0,    0) (   0,    0) (   0,    0)
          (   0,    0) (   0,    0) (   0,    0) (   0,    0) (   0,    0) (   0,    0) (   0,    0) (   0,    0) (   0,    0) (   0,    0)
          (   0,    0) (   0,    0) (   0,    0) (   0,    0) (   0,    0) (   0,    0) (   0,    0) (   0,    0) (   0,    0) (   0,    0)
          (   0,    0) (   0,    0) (   0,    0) (   0,    0) (   0,    0) (   0,    0) (   0,    0) (   0,    0) (   0,    0) (   0,    0)
          (   0,    0) (   0,    0) (   0,    0) (   0,    0) (   0,    0) (   0,    0) (   0,    0) (   0,    0) (   0,    0) (   0,    0)
          (   0,    0) (   0,    0) (   0,    0) (   0,    0) (   0,    0) (   0,    0) (   0,    0) (   0,    0) (   0,    0) (   0,    0)
         
node   6 sent_total    979  recv_total    970

node   7  (   0,    0) (   1,    0) (   0,    0) (   8,    2) (  10,    8) (  10,   10) (  10,   10) (  10,   10) (  10,   10) (  10,   10)
          (  10,   10) (  10,   10) (  10,   10) (  10,   10) (  10,   10) (  10,   10) (  10,   10) (  10,   10) (  10,   10) (  10,   10)
          (  10,   10) (  10,   10) (  10,   10) (  10,   10) (  10,   10) (  10,   10) (  10,   10) (  10,   10) (  10,   10) (  10,   10)
          (  10,   10) (  10,   10) (  10,   10) (  10,   10) (  10,   10) (  10,   10) (  10,   10) (  10,   10) (  10,   10) (  10,   10)
          (  10,   10) (  10,   10) (  10,   10) (  10,   10) (  10,   10) (  10,   10) (  10,   10) (  10,   10) (  10,   10) (  10,   10)
          (  10,   10) (  10,   10) (  10,   10) (  10,   10) (  10,   10) (  10,   10) (  10,   10) (  10,   10) (  10,   10) (  10,   10)
          (  10,   10) (  10,   10) (  10,   10) (  10,   10) (  10,   10) (  10,   10) (  10,   10) (  10,   10) (  10,   10) (  10,   10)
          (  10,   10) (  10,   10) (  10,   10) (  10,   10) (  10,   10) (  10,   10) (  10,   10) (  10,   10) (  10,   10) (  10,   10)
          (  10,   10) (  10,   10) (  10,   10) (  10,   10) (  10,   10) (  10,   10) (  10,   10) (  10,   10) (  10,   10) (  10,   10)
          (  10,   10) (  10,   10) (  10,   10) (  10,   10) (  10,   10) (  10,   10) (  10,   10) (  10,   10) (  10,   10) (  10,   10)
          (  10,   10) (   0,    0) (   0,    0) (   0,    0) (   0,    0) (   0,    0) (   0,    0) (   0,    0) (   0,    0) (   0,    0)
          (   0,    0) (   0,    0) (   0,    0) (   0,    0) (   0,    0) (   0,    0) (   0,    0) (   0,    0) (   0,    0) (   0,    0)
          (   0,    0) (   0,    0) (   0,    0) (   0,    0) (   0,    0) (   0,    0) (   0,    0) (   0,    0) (   0,    0) (   0,    0)
          (   0,    0) (   0,    0) (   0,    0) (   0,    0) (   0,    0) (   0,    0) (   0,    0) (   0,    0) (   0,    0) (   0,    0)
          (   0,    0) (   0,    0) (   0,    0) (   0,    0) (   0,    0) (   0,    0) (   0,    0) (   0,    0) (   0,    0) (   0,    0)
          (   0,    0) (   0,    0) (   0,    0) (   0,    0) (   0,    0) (   0,    0) (   0,    0) (   0,    0) (   0,    0) (   0,    0)
          (   0,    0) (   0,    0) (   0,    0) (   0,    0) (   0,    0) (   0,    0) (   0,    0) (   0,    0) (   0,    0) (   0,    0)
          (   0,    0) (   0,    0) (   0,    0) (   0,    0) (   0,    0) (   0,    0) (   0,    0) (   0,    0) (   0,    0) (   0,    0)
          (   0,    0) (   0,    0) (   0,    0) (   0,    0) (   0,    0) (   0,    0) (   0,    0) (   0,    0) (   0,    0) (   0,    0)
          (   0,    0) (   0,    0) (   0,    0) (   0,    0) (   0,    0) (   0,    0) (   0,    0) (   0,    0) (   0,    0) (   0,    0)
          (   0,    0) (   0,    0) (   0,    0) (   0,    0) (   0,    0) (   0,    0) (   0,    0) (   0,    0) (   0,    0) (   0,    0)
          (   0,    0) (   0,    0) (   0,    0) (   0,    0) (   0,    0) (   0,    0) (   0,    0) (   0,    0) (   0,    0) (   0,    0)
          (   0,    0) (   0,    0) (   0,    0) (   0,    0) (   0,    0) (   0,    0) (   0,    0) (   0,    0) (   0,    0) (   0,    0)
          (   0,    0) (   0,    0) (   0,    0) (   0,    0) (   0,    0) (   0,    0) (   0,    0) (   0,    0) (   0,    0) (   0,    0)
          (   0,    0) (   0,    0) (   0,    0) (   0,    0) (   0,    0) (   0,    0) (   0,    0) (   0,    0) (   0,    0) (   0,    0)
          (   0,    0) (   0,    0) (   0,    0) (   0,    0) (   0,    0) (   0,    0) (   0,    0) (   0,    0) (   0,    0) (   0,    0)
          (   0,    0) (   0,    0) (   0,    0) (   0,    0) (   0,    0) (   0,    0) (   0,    0) (   0,    0) (   0,    0) (   0,    0)
          (   0,    0) (   0,    0) (   0,    0) (   0,    0) (   0,    0) (   0,    0) (   0,    0) (   0,    0) (   0,    0) (   0,    0)
          (   0,    0) (   0,    0) (   0,    0) (   0,    0) (   0,    0) (   0,    0) (   0,    0) (   0,    0) (   0,    0) (   0,    0)
          (   0,    0) (   0,    0) (   0,    0) (   0,    0) (   0,    0) (   0,    0) (   0,    0) (   0,    0) (   0,    0) (   0,    0)
          (   0,    0) (   0,    0) (   0,    0) (   0,    0) (   0,    0) (   0,    0) (   0,    0) (   0,    0) (   0,    0) (   0,    0)
          (   0,    0) (   0,    0) (   0,    0) (   0,    0) (   0,    0) (   0,    0) (   0,    0) (   0,    0) (   0,    0) (   0,    0)
          (   0,    0) (   0,    0) (   0,    0) (   0,    0) (   0,    0) (   0,    0) (   0,    0) (   0,    0) (   0,    0) (   0,    0)
          (   0,    0) (   0,    0) (   0,    0) (   0,    0) (   0,    0) (   0,    0) (   0,    0) (   0,    0) (   0,    0) (   0,    0)
          (   0,    0) (   0,    0) (   0,    0) (   0,    0) (   0,    0) (   0,    0) (   0,    0) (   0,    0) (   0,    0) (   0,    0)
          (   0,    0) (   0,    0) (   0,    0) (   0,    0) (   0,    0) (   0,    0) (   0,    0) (   0,    0) (   0,    0) (   0,    0)
          (   0,    0) (   0,    0) (   0,    0) (   0,    0) (   0,    0) (   0,    0) (   0,    0) (   0,    0) (   0,    0) (   0,    0)
          (   0,    0) (   0,    0) (   0,    0) (   0,    0) (   0,    0) (   0,    0) (   0,    0) (   0,    0) (   0,    0) (   0,    0)
          (   0,    0) (   0,    0) (   0,    0) (   0,    0) (   0,    0) (   0,    0) (   0,    0) (   0,    0) (   0,    0) (   0,    0)
          (   0,    0) (   0,    0) (   0,    0) (   0,    0) (   0,    0) (   0,    0) (   0,    0) (   0,    0) (   0,    0) (   0,    0)
          (   0,    0) (   0,    0) (   0,    0) (   0,    0) (   0,    0) (   0,    0) (   0,    0) (   0,    0) (   0,    0) (   0,    0)
          (   0,    0) (   0,    0) (   0,    0) (   0,    0) (   0,    0) (   0,    0) (   0,    0) (   0,    0) (   0,    0) (   0,    0)
          (   0,    0) (   0,    0) (   0,    0) (   0,    0) (   0,    0) (   0,    0) (   0,    0) (   0,    0) (   0,    0) (   0,    0)
          (   0,    0) (   0,    0) (   0,    0) (   0,    0) (   0,    0) (   0,    0) (   0,    0) (   0,    0) (   0,    0) (   0,    0)
          (   0,    0) (   0,    0) (   0,    0) (   0,    0) (   0,    0) (   0,    0) (   0,    0) (   0,    0) (   0,    0) (   0,    0)
          (   0,    0) (   0,    0) (   0,    0) (   0,    0) (   0,    0) (   0,    0) (   0,    0) (   0,    0) (   0,    0) (   0,    0)
          (   0,    0) (   0,    0) (   0,    0) (   0,    0) (   0,    0) (   0,    0) (   0,    0) (   0,    0) (   0,    0) (   0,    0)
          (   0,    0) (   0,    0) (   0,    0) (   0,    0) (   0,    0) (   0,    0) (   0,    0) (   0,    0) (   0,    0) (   0,    0)
          (   0,    0) (   0,    0) (   0,    0) (   0,    0) (   0,    0) (   0,    0) (   0,    0) (   0,    0) (   0,    0) (   0,    0)
          (   0,    0) (   0,    0) (   0,    0) (   0,    0) (   0,    0) (   0,    0) (   0,    0) (   0,    0) (   0,    0) (   0,    0)
          (   0,    0) (   0,    0) (   0,    0) (   0,    0) (   0,    0) (   0,    0) (   0,    0) (   0,    0) (   0,    0) (   0,    0)
          (   0,    0) (   0,    0) (   0,    0) (   0,    0) (   0,    0) (   0,    0) (   0,    0) (   0,    0) (   0,    0) (   0,    0)
          (   0,    0) (   0,    0) (   0,    0) (   0,    0) (   0,    0) (   0,    0) (   0,    0) (   0,    0) (   0,    0) (   0,    0)
          (   0,    0) (   0,    0) (   0,    0) (   0,    0) (   0,    0) (   0,    0) (   0,    0) (   0,    0) (   0,    0) (   0,    0)
          (   0,    0) (   0,    0) (   0,    0) (   0,    0) (   0,    0) (   0,    0) (   0,    0) (   0,    0) (   0,    0) (   0,    0)
          (   0,    0) (   0,    0) (   0,    0) (   0,    0) (   0,    0) (   0,    0) (   0,    0) (   0,    0) (   0,    0) (   0,    0)
          (   0,    0) (   0,    0) (   0,    0) (   0,    0) (   0,    0) (   0,    0) (   0,    0) (   0,    0) (   0,    0) (   0,    0)
          (   0,    0) (   0,    0) (   0,    0) (   0,    0) (   0,    0) (   0,    0) (   0,    0) (   0,    0) (   0,    0) (   0,    0)
          (   0,    0) (   0,    0) (   0,    0) (   0,    0) (   0,    0) (   0,    0) (   0,    0) (   0,    0) (   0,    0) (   0,    0)
          (   0,    0) (   0,    0) (   0,    0) (   0,    0) (   0,    0) (   0,    0) (   0,    0) (   0,    0) (   0,    0) (   0,    0)
          (   0,    0) (   0,    0) (   0,    0) (   0,    0) (   0,    0) (   0,    0) (   0,    0) (   0,    0) (   0,    0) (   0,    0)
          (   0,    0) (   0,    0) (   0,    0) (   0,    0) (   0,    0) (   0,    0) (   0,    0) (   0,    0) (   0,    0) (   0,    0)
          (   0,    0) (   0,    0) (   0,    0) (   0,    0) (   0,    0) (   0,    0) (   0,    0) (   0,    0) (   0,    0) (   0,    0)
          (   0,    0) (   0,    0) (   0,    0) (   0,    0) (   0,    0) (   0,    0) (   0,    0) (   0,    0) (   0,    0) (   0,    0)
          (   0,    0) (   0,    0) (   0,    0) (   0,    0) (   0,    0) (   0,    0) (   0,    0) (   0,    0) (   0,    0) (   0,    0)
          (   0,    0) (   0,    0) (   0,    0) (   0,    0) (   0,    0) (   0,    0) (   0,    0) (   0,    0) (   0,    0) (   0,    0)
          (   0,    0) (   0,    0) (   0,    0) (   0,    0) (   0,    0) (   0,    0) (   0,    0) (   0,    0) (   0,    0) (   0,    0)
          (   0,    0) (   0,    0) (   0,    0) (   0,    0) (   0,    0) (   0,    0) (   0,    0) (   0,    0) (   0,    0) (   0,    0)
          (   0,    0) (   0,    0) (   0,    0) (   0,    0) (   0,    0) (   0,    0) (   0,    0) (   0,    0) (   0,    0) (   0,    0)
          (   0,    0) (   0,    0) (   0,    0) (   0,    0) (   0,    0) (   0,    0) (   0,    0) (   0,    0) (   0,    0) (   0,    0)
         
node   7 sent_total    979  recv_total    970

node   8  (   0,    0) (   1,    0) (   0,    0) (   8,    2) (  10,    8) (  10,   10) (  10,   10) (  10,   10) (  10,   10) (  10,   10)
          (  10,   10) (  10,   10) (  10,   10) (  10,   10) (  10,   10) (  10,   10) (  10,   10) (  10,   10) (  10,   10) (  10,   10)
          (  10,   10) (  10,   10) (  10,   10) (  10,   10) (  10,   10) (  10,   10) (  10,   10) (  10,   10) (  10,   10) (  10,   10)
          (  10,   10) (  10,   10) (  10,   10) (  10,   10) (  10,   10) (  10,   10) (  10,   10) (  10,   10) (  10,   10) (  10,   10)
          (  10,   10) (  10,   10) (  10,   10) (  10,   10) (  10,   10) (  10,   10) (  10,   10) (  10,   10) (  10,   10) (  10,   10)
          (  10,   10) (  10,   10) (  10,   10) (  10,   10) (  10,   10) (  10,   10) (  10,   10) (  10,   10) (  10,   10) (  10,   10)
          (  10,   10) (  10,   10) (  10,   10) (  10,   10) (  10,   10) (  10,   10) (  10,   10) (  10,   10) (  10,   10) (  10,   10)
          (  10,   10) (  10,   10) (  10,   10) (  10,   10) (  10,   10) (  10,   10) (  10,   10) (  10,   10) (  10,   10) (  10,   10)
          (  10,   10) (  10,   10) (  10,   10) (  10,   10) (  10,   10) (  10,   10) (  10,   10) (  10,   10) (  10,   10) (  10,   10)
          (  10,   10) (  10,   10) (  10,   10) (  10,   10) (  10,   10) (  10,   10) (  10,   10) (  10,   10) (  10,   10) (  10,   10)
          (  10,   10) (  10,   10) (  10,    5) (  10,    5) (  10,    5) (  10,    5) (  10,    5) (   5,    5) (   5,    5) (   5,    5)
          (   5,    5) (   5,    5) (   5,    5) (   5,    5) (   5,    5) (   5,    5) (   5,    5) (   5,    5) (   5,    5) (   5,    5)
          (   5,    5) (   5,    5) (   5,    5) (   5,    5) (   5,    5) (   5,    5) (   5,    5) (   5,    5) (   5,    5) (   5,    5)
          (   5,    5) (   5,    5) (   5,    5) (   5,    5) (   5,    5) (   5,    5) (   5,    5) (   5,    5) (   5,    5) (   5,    5)
          (   5,    5) (   5,    5) (   5,    5) (   5,    5) (   5,    5) (   5,    5) (   5,    5) (   5,    5) (   5,    5) (   5,    5)
          (   5,    5) (   5,    5) (   5,    5) (   5,    5) (   5,    5) (   5,    5) (   5,    5) (   5,    5) (   5,    5) (   5,    5)
          (   5,    5) (   5,    5) (   5,    5) (   5,    5) (   5,    5) (   5,    5) (   5,    5) (   5,    5) (   5,    5) (   5,    5)
          (   5,    5) (   5,    5) (   5,    5) (   5,    5) (   5,    5) (   5,    5) (   5,    5) (   5,    5) (   5,    5) (   5,    5)
          (   5,    5) (   5,    5) (   5,    5) (   5,    5) (   5,    5) (   5,    5) (   5,    5) (   5,    5) (   5,    5) (   5,    5)
          (   5,    5) (   5,    5) (   5,    5) (   5,    5) (   5,    5) (   5,    5) (   5,    5) (   5,    5) (   5,    5) (   5,    5)
          (   5,    5) (   5,    5) (   5,    5) (   5,    5) (   5,    5) (   5,    5) (   5,    5) (   5,    5) (   5,    5) (   5,    5)
          (   5,    5) (   5,    5) (   5,    5) (   5,    5) (   5,    5) (   5,    5) (   5,    5) (   5,    5) (   5,    5) (   5,    5)
          (   5,    5) (   5,    5) (   5,    5) (   5,    5) (   5,    5) (   5,    5) (   5,    5) (   5,    5) (   5,    5) (   5,    5)
          (   5,    5) (   5,    5) (   5,    5) (   5,    5) (   5,    5) (   5,    5) (   5,    5) (   5,    5) (   5,    5) (   5,    5)
          (   5,    5) (   5,    5) (   5,    5) (   5,    5) (   5,    5) (   5,    5) (   5,    5) (   5,    5) (   5,    5) (   5,    5)
          (   5,    5) (   5,    5) (   5,    5) (   5,    5) (   5,    5) (   5,    5) (   5,    5) (   5,    5) (   5,    5) (   5,    5)
          (   5,    5) (   5,    5) (   5,    5) (   5,    5) (   5,    5) (   5,    5) (   5,    5) (   5,    5) (   5,    5) (   5,    5)
          (   5,    5) (   5,    5) (   5,    5) (   5,    5) (   5,    5) (   5,    5) (   5,    5) (   5,    5) (   5,    5) (   5,    5)
          (   5,    5) (   5,    5) (   5,    5) (   5,    5) (   5,    5) (   5,    5) (   5,    5) (   5,    5) (   5,    5) (   5,    5)
          (   5,    5) (   5,    5) (   5,    5) (   5,    5) (   5,    5) (   5,    5) (   5,    5) (   5,    5) (   5,    5) (   5,    5)
          (   5,    5) (   5,    5) (   5,    5) (   5,    5) (   5,    5) (   5,    5) (   5,    5) (   5,    5) (   5,    5) (   5,    5)
          (   5,    5) (   5,    5) (   5,    5) (   5,    5) (   5,    5) (   5,    5) (   5,    5) (   5,    5) (   5,    5) (   5,    5)
          (   5,    5) (   5,    5) (   5,    5) (   5,    5) (   5,    5) (   5,    5) (   5,    5) (   5,    5) (   5,    5) (   5,    5)
          (   5,    5) (   5,    5) (   5,    5) (   5,    5) (   5,    5) (   5,    5) (   5,    5) (   5,    5) (   5,    5) (   5,    5)
          (   5,    5) (   5,    5) (   5,    5) (   5,    5) (   5,    5) (   5,    5) (   5,    5) (   5,    5) (   5,    5) (   5,    5)
          (   5,    5) (   5,    5) (   5,    5) (   5,    5) (   5,    5) (   5,    5) (   5,    5) (   5,    5) (   5,    5) (   5,    5)
          (   5,    5) (   5,    5) (   5,    5) (   5,    5) (   5,    5) (   5,    5) (   5,    5) (   5,    5) (   5,    5) (   5,    5)
          (   5,    5) (   5,    5) (   5,    5) (   5,    5) (   5,    5) (   5,    5) (   5,    5) (   5,    5) (   5,    5) (   5,    5)
          (   5,    5) (   5,    5) (   5,    5) (   5,    5) (   5,    5) (   5,    5) (   5,    5) (   5,    5) (   5,    5) (   5,    5)
          (   5,    5) (   5,    5) (   5,    5) (   5,    5) (   5,    5) (   5,    5) (   5,    5) (   5,    5) (   5,    5) (   5,    5)
          (   5,    5) (   5,    5) (   5,    5) (   5,    5) (   5,    5) (   5,    5) (   5,    5) (   5,    5) (   5,    5) (   5,    5)
          (   5,    5) (   5,    5) (   5,    5) (   5,    5) (   5,    5) (   5,    5) (   5,    5) (   5,    5) (   5,    5) (   5,    5)
          (   5,    5) (   5,    5) (   5,    5) (   5,    5) (   5,    5) (   5,    5) (   5,    5) (   5,    5) (   5,    5) (   5,    5)
          (   5,    5) (   5,    5) (   5,    5) (   5,    5) (   5,    5) (   5,    5) (   5,    5) (   5,    5) (   5,    5) (   5,    5)
          (   5,    5) (   5,    5) (   5,    5) (   5,    5) (   5,    5) (   5,    5) (   5,    5) (   5,    5) (   5,    5) (   5,    5)
          (   5,    5) (   5,    5) (   5,    5) (   5,    5) (   5,    5) (   5,    5) (   5,    5) (   5,    5) (   5,    5) (   5,    5)
          (   5,    5) (   5,    5) (   5,    5) (   5,    5) (   5,    5) (   5,    5) (   5,    5) (   5,    5) (   5,    5) (   5,    5)
          (   5,    5) (   5,    5) (   5,    5) (   5,    5) (   5,    5) (   5,    5) (   5,    5) (   5,    5) (   5,    5) (   5,    5)
          (   5,    5) (   5,    5) (   5,    5) (   5,    5) (   5,    5) (   5,    5) (   5,    5) (   5,    5) (   5,    5) (   5,    5)
          (   5,    5) (   5,    5) (   5,    5) (   5,    5) (   5,    5) (   5,    5) (   5,    5) (   5,    5) (   5,    5) (   5,    5)
          (   5,    5) (   5,    5) (   5,    5) (   5,    5) (   5,    5) (   5,    5) (   5,    5) (   5,    5) (   5,    5) (   5,    5)
          (   5,    5) (   5,    5) (   5,    5) (   5,    5) (   5,    5) (   5,    5) (   5,    5) (   5,    5) (   5,    5) (   5,    5)
          (   5,    5) (   5,    5) (   5,    5) (   5,    5) (   5,    5) (   5,    5) (   5,    5) (   5,    5) (   5,    5) (   5,    5)
          (   5,    5) (   5,    5) (   5,    5) (   5,    5) (   5,    5) (   5,    5) (   5,    5) (   5,    5) (   5,    5) (   5,    5)
          (   5,    5) (   5,    5) (   5,    5) (   5,    5) (   5,    5) (   5,    5) (   5,    5) (   5,    5) (   5,    5) (   5,    5)
          (   5,    5) (   5,    5) (   5,    5) (   5,    5) (   5,    5) (   5,    5) (   5,    5) (   5,    5) (   5,    5) (   5,    5)
          (   5,    5) (   5,    5) (   5,    5) (   5,    5) (   5,    5) (   5,    5) (   5,    5) (   5,    5) (   5,    5) (   5,    5)
          (   5,    5) (   5,    5) (   5,    5) (   5,    5) (   5,    5) (   5,    5) (   5,    5) (   5,    5) (   5,    5) (   5,    5)
          (   5,    5) (   5,    5) (   5,    5) (   5,    5) (   5,    5) (   5,    5) (   5,    5) (   5,    5) (   5,    5) (   5,    5)
          (   5,    5) (   5,    5) (   5,    5) (   5,    5) (   5,    5) (   5,    5) (   5,    5) (   5,    5) (   5,    5) (   5,    5)
          (   5,    5) (   5,    5) (   5,    5) (   5,    5) (   5,    5) (   5,    5) (   5,    5) (   5,    5) (   5,    5) (   5,    5)
          (   5,    5) (   5,    5) (   5,    5) (   5,    5) (   5,    5) (   5,    5) (   5,    5) (   5,    5) (   5,    5) (   5,    5)
          (   5,    5) (   5,    5) (   5,    5) (   5,    5) (   5,    5) (   5,    5) (   5,    5) (   5,    5) (   5,    5) (   5,    5)
          (   5,    5) (   5,    5) (   5,    5) (   5,    5) (   5,    5) (   5,    5) (   5,    5) (   5,    5) (   5,    5) (   5,    5)
          (   5,    5) (   5,    5) (   5,    5) (   5,    5) (   5,    5) (   5,    5) (   5,    5) (   5,    5) (   5,    5) (   5,    5)
          (   5,    5) (   5,    5) (   5,    5) (   5,    5) (   5,    5) (   5,    5) (   5,    5) (   5,    5) (   5,    5) (   5,    5)
          (   5,    5) (   5,    5) (   5,    5) (   5,    5) (   5,    5) (   5,    5) (   5,    5) (   5,    5) (   5,    5) (   5,    5)
          (   5,    5) (   5,    5) (   5,    5) (   5,    5) (   5,    5) (   5,    5) (   5,    5) (   5,    5) (   5,    5) (   5,    5)
          (   5,    5) (   5,    5) (   5,    5) (   5,    5) (   5,    5) (   5,    5) (   5,    5) (   5,    5) (   5,    5) (   5,    5)
          (   5,    5) (   5,    5) (   5,    5) (   5,    5) (   5,    5) (   5,    5) (   5,    5) (   5,    5) (   5,    5) (   5,    5)
         
node   8 sent_total   4004  recv_total   3970

node   9  (   0,    0) (   0,    0) (   1,    0) (   0,    0) (  10,    2) (  10,   10) (  10,   10) (  10,   10) (  10,   10) (  10,   10)
          (  10,   10) (  10,   10) (  10,   10) (  10,   10) (  10,   10) (  10,   10) (  10,   10) (  10,   10) (  10,   10) (  10,   10)
          (  10,   10) (  10,   10) (  10,   10) (  10,   10) (  10,   10) (  10,   10) (  10,   10) (  10,   10) (  10,   10) (  10,   10)
          (  10,   10) (  10,   10) (  10,   10) (  10,   10) (  10,   10) (  10,   10) (  10,   10) (  10,   10) (  10,   10) (  10,   10)
          (  10,   10) (  10,   10) (  10,   10) (  10,   10) (  10,   10) (  10,   10) (  10,   10) (  10,   10) (  10,   10) (  10,   10)
          (  10,   10) (  10,   10) (  10,   10) (  10,   10) (  10,   10) (  10,   10) (  10,   10) (  10,   10) (  10,   10) (  10,   10)
          (  10,   10) (  10,   10) (  10,   10) (  10,   10) (  10,   10) (  10,   10) (  10,   10) (  10,   10) (  10,   10) (  10,   10)
          (  10,   10) (  10,   10) (  10,   10) (  10,   10) (  10,   10) (  10,   10) (  10,   10) (  10,   10) (  10,   10) (  10,   10)
          (  10,   10) (  10,   10) (  10,   10) (  10,   10) (  10,   10) (  10,   10) (  10,   10) (  10,   10) (  10,   10) (  10,   10)
          (  10,   10) (  10,   10) (  10,   10) (  10,   10) (  10,   10) (  10,   10) (  10,   10) (  10,   10) (  10,   10) (  10,   10)
          (  10,   10) (  10,   10) (  10,    5) (  10,    5) (  10,    5) (  10,    5) (  10,    5) (   5,    5) (   5,    5) (   5,    5)
          (   5,    5) (   5,    5) (   5,    5) (   5,    5) (   5,    5) (   5,    5) (   5,    5) (   5,    5) (   5,    5) (   5,    5)
          (   5,    5) (   5,    5) (   5,    5) (   5,    5) (   5,    5) (   5,    5) (   5,    5) (   5,    5) (   5,    5) (   5,    5)
          (   5,    5) (   5,    5) (   5,    5) (   5,    5) (   5,    5) (   5,    5) (   5,    5) (   5,    5) (   5,    5) (   5,    5)
          (   5,    5) (   5,    5) (   5,    5) (   5,    5) (   5,    5) (   5,    5) (   5,    5) (   5,    5) (   5,    5) (   5,    5)
          (   5,    5) (   5,    5) (   5,    5) (   5,    5) (   5,    5) (   5,    5) (   5,    5) (   5,    5) (   5,    5) (   5,    5)
          (   5,    5) (   5,    5) (   5,    5) (   5,    5) (   5,    5) (   5,    5) (   5,    5) (   5,    5) (   5,    5) (   5,    5)
          (   5,    5) (   5,    5) (   5,    5) (   5,    5) (   5,    5) (   5,    5) (   5,    5) (   5,    5) (   5,    5) (   5,    5)
          (   5,    5) (   5,    5) (   5,    5) (   5,    5) (   5,    5) (   5,    5) (   5,    5) (   5,    5) (   5,    5) (   5,    5)
          (   5,    5) (   5,    5) (   5,    5) (   5,    5) (   5,    5) (   5,    5) (   5,    5) (   5,    5) (   5,    5) (   5,    5)
          (   5,    5) (   5,    5) (   5,    5) (   5,    5) (   5,    5) (   5,    5) (   5,    5) (   5,    5) (   5,    5) (   5,    5)
          (   5,    5) (   5,    5) (   5,    5) (   5,    5) (   5,    5) (   5,    5) (   5,    5) (   5,    5) (   5,    5) (   5,    5)
          (   5,    5) (   5,    5) (   5,    5) (   5,    5) (   5,    5) (   5,    5) (   5,    5) (   5,    5) (   5,    5) (   5,    5)
          (   5,    5) (   5,    5) (   5,    5) (   5,    5) (   5,    5) (   5,    5) (   5,    5) (   5,    5) (   5,    5) (   5,    5)
          (   5,    5) (   5,    5) (   5,    5) (   5,    5) (   5,    5) (   5,    5) (   5,    5) (   5,    5) (   5,    5) (   5,    5)
          (   5,    5) (   5,    5) (   5,    5) (   5,    5) (   5,    5) (   5,    5) (   5,    5) (   5,    5) (   5,    5) (   5,    5)
          (   5,    5) (   5,    5) (   5,    5) (   5,    5) (   5,    5) (   5,    5) (   5,    5) (   5,    5) (   5,    5) (   5,    5)
          (   5,    5) (   5,    5) (   5,    5) (   5,    5) (   5,    5) (   5,    5) (   5,    5) (   5,    5) (   5,    5) (   5,    5)
          (   5,    5) (   5,    5) (   5,    5) (   5,    5) (   5,    5) (   5,    5) (   5,    5) (   5,    5) (   5,    5) (   5,    5)
          (   5,    5) (   5,    5) (   5,    5) (   5,    5) (   5,    5) (   5,    5) (   5,    5) (   5,    5) (   5,    5) (   5,    5)
          (   5,    5) (   5,    5) (   5,    5) (   5,    5) (   5,    5) (   5,    5) (   5,    5) (   5,    5) (   5,    5) (   5,    5)
          (   5,    5) (   5,    5) (   5,    5) (   5,    5) (   5,    5) (   5,    5) (   5,    5) (   5,    5) (   5,    5) (   5,    5)
          (   5,    5) (   5,    5) (   5,    5) (   5,    5) (   5,    5) (   5,    5) (   5,    5) (   5,    5) (   5,    5) (   5,    5)
          (   5,    5) (   5,    5) (   5,    5) (   5,    5) (   5,    5) (   5,    5) (   5,    5) (   5,    5) (   5,    5) (   5,    5)
          (   5,    5) (   5,    5) (   5,    5) (   5,    5) (   5,    5) (   5,    5) (   5,    5) (   5,    5) (   5,    5) (   5,    5)
          (   5,    5) (   5,    5) (   5,    5) (   5,    5) (   5,    5) (   5,    5) (   5,    5) (   5,    5) (   5,    5) (   5,    5)
          (   5,    5) (   5,    5) (   5,    5) (   5,    5) (   5,    5) (   5,    5) (   5,    5) (   5,    5) (   5,    5) (   5,    5)
          (   5,    5) (   5,    5) (   5,    5) (   5,    5) (   5,    5) (   5,    5) (   5,    5) (   5,    5) (   5,    5) (   5,    5)
          (   5,    5) (   5,    5) (   5,    5) (   5,    5) (   5,    5) (   5,    5) (   5,    5) (   5,    5) (   5,    5) (   5,    5)
          (   5,    5) (   5,    5) (   5,    5) (   5,    5) (   5,    5) (   5,    5) (   5,    5) (   5,    5) (   5,    5) (   5,    5)
          (   5,    5) (   5,    5) (   5,    5) (   5,    5) (   5,    5) (   5,    5) (   5,    5) (   5,    5) (   5,    5) (   5,    5)
          (   5,    5) (   5,    5) (   5,    5) (   5,    5) (   5,    5) (   5,    5) (   5,    5) (   5,    5) (   5,    5) (   5,    5)
          (   5,    5) (   5,    5) (   5,    5) (   5,    5) (   5,    5) (   5,    5) (   5,    5) (   5,    5) (   5,    5) (   5,    5)
          (   5,    5) (   5,    5) (   5,    5) (   5,    5) (   5,    5) (   5,    5) (   5,    5) (   5,    5) (   5,    5) (   5,    5)
          (   5,    5) (   5,    5) (   5,    5) (   5,    5) (   5,    5) (   5,    5) (   5,    5) (   5,    5) (   5,    5) (   5,    5)
          (   5,    5) (   5,    5) (   5,    5) (   5,    5) (   5,    5) (   5,    5) (   5,    5) (   5,    5) (   5,    5) (   5,    5)
          (   5,    5) (   5,    5) (   5,    5) (   5,    5) (   5,    5) (   5,    5) (   5,    5) (   5,    5) (   5,    5) (   5,    5)
          (   5,    5) (   5,    5) (   5,    5) (   5,    5) (   5,    5) (   5,    5) (   5,    5) (   5,    5) (   5,    5) (   5,    5)
          (   5,    5) (   5,    5) (   5,    5) (   5,    5) (   5,    5) (   5,    5) (   5,    5) (   5,    5) (   5,    5) (   5,    5)
          (   5,    5) (   5,    5) (   5,    5) (   5,    5) (   5,    5) (   5,    5) (   5,    5) (   5,    5) (   5,    5) (   5,    5)
          (   5,    5) (   5,    5) (   5,    5) (   5,    5) (   5,    5) (   5,    5) (   5,    5) (   5,    5) (   5,    5) (   5,    5)
          (   5,    5) (   5,    5) (   5,    5) (   5,    5) (   5,    5) (   5,    5) (   5,    5) (   5,    5) (   5,    5) (   5,    5)
          (   5,    5) (   5,    5) (   5,    5) (   5,    5) (   5,    5) (   5,    5) (   5,    5) (   5,    5) (   5,    5) (   5,    5)
          (   5,    5) (   5,    5) (   5,    5) (   5,    5) (   5,    5) (   5,    5) (   5,    5) (   5,    5) (   5,    5) (   5,    5)
          (   5,    5) (   5,    5) (   5,    5) (   5,    5) (   5,    5) (   5,    5) (   5,    5) (   5,    5) (   5,    5) (   5,    5)
          (   5,    5) (   5,    5) (   5,    5) (   5,    5) (   5,    5) (   5,    5) (   5,    5) (   5,    5) (   5,    5) (   5,    5)
          (   5,    5) (   5,    5) (   5,    5) (   5,    5) (   5,    5) (   5,    5) (   5,    5) (   5,    5) (   5,    5) (   5,    5)
          (   5,    5) (   5,    5) (   5,    5) (   5,    5) (   5,    5) (   5,    5) (   5,    5) (   5,    5) (   5,    5) (   5,    5)
          (   5,    5) (   5,    5) (   5,    5) (   5,    5) (   5,    5) (   5,    5) (   5,    5) (   5,    5) (   5,    5) (   5,    5)
          (   5,    5) (   5,    5) (   5,    5) (   5,    5) (   5,    5) (   5,    5) (   5,    5) (   5,    5) (   5,    5) (   5,    5)
          (   5,    5) (   5,    5) (   5,    5) (   5,    5) (   5,    5) (   5,    5) (   5,    5) (   5,    5) (   5,    5) (   5,    5)
          (   5,    5) (   5,    5) (   5,    5) (   5,    5) (   5,    5) (   5,    5) (   5,    5) (   5,    5) (   5,    5) (   5,    5)
          (   5,    5) (   5,    5) (   5,    5) (   5,    5) (   5,    5) (   5,    5) (   5,    5) (   5,    5) (   5,    5) (   5,    5)
          (   5,    5) (   5,    5) (   5,    5) (   5,    5) (   5,    5) (   5,    5) (   5,    5) (   5,    5) (   5,    5) (   5,    5)
          (   5,    5) (   5,    5) (   5,    5) (   5,    5) (   5,    5) (   5,    5) (   5,    5) (   5,    5) (   5,    5) (   5,    5)
          (   5,    5) (   5,    5) (   5,    5) (   5,    5) (   5,    5) (   5,    5) (   5,    5) (   5,    5) (   5,    5) (   5,    5)
          (   5,    5) (   5,    5) (   5,    5) (   5,    5) (   5,    5) (   5,    5) (   5,    5) (   5,    5) (   5,    5) (   5,    5)
          (   5,    5) (   5,    5) (   5,    5) (   5,    5) (   5,    5) (   5,    5) (   5,    5) (   5,    5) (   5,    5) (   5,    5)
          (   5,    5) (   5,    5) (   5,    5) (   5,    5) (   5,    5) (   5,    5) (   5,    5) (   5,    5) (   5,    5) (   5,    5)
          (   5,    5) (   5,    5) (   5,    5) (   5,    5) (   5,    5) (   5,    5) (   5,    5) (   5,    5) (   5,    5) (   5,    5)
         
node   9 sent_total   3996  recv_total   3962

node  10  (   0,    0) (   0,    0) (   1,    0) (   0,    0) (  10,    2) (  10,   10) (  10,   10) (  10,   10) (  10,   10) (  10,   10)
          (  10,   10) (  10,   10) (  10,   10) (  10,   10) (  10,   10) (  10,   10) (  10,   10) (  10,   10) (  10,   10) (  10,   10)
          (  10,   10) (  10,   10) (  10,   10) (  10,   10) (  10,   10) (  10,   10) (  10,   10) (  10,   10) (  10,   10) (  10,   10)
          (  10,   10) (  10,   10) (  10,   10) (  10,   10) (  10,   10) (  10,   10) (  10,   10) (  10,   10) (  10,   10) (  10,   10)
          (  10,   10) (  10,   10) (  10,   10) (  10,   10) (  10,   10) (  10,   10) (  10,   10) (  10,   10) (  10,   10) (  10,   10)
          (  10,   10) (  10,   10) (  10,   10) (  10,   10) (  10,   10) (  10,   10) (  10,   10) (  10,   10) (  10,   10) (  10,   10)
          (  10,   10) (  10,   10) (  10,   10) (  10,   10) (  10,   10) (  10,   10) (  10,   10) (  10,   10) (  10,   10) (  10,   10)
          (  10,   10) (  10,   10) (  10,   10) (  10,   10) (  10,   10) (  10,   10) (  10,   10) (  10,   10) (  10,   10) (  10,   10)
          (  10,   10) (  10,   10) (  10,   10) (  10,   10) (  10,   10) (  10,   10) (  10,   10) (  10,   10) (  10,   10) (  10,   10)
          (  10,   10) (  10,   10) (  10,   10) (  10,   10) (  10,   10) (  10,   10) (  10,   10) (  10,   10) (  10,   10) (  10,   10)
          (  10,   10) (  10,   10) (  10,    5) (  10,    5) (  10,    5) (  10,    5) (  10,    5) (   5,    5) (   5,    5) (   5,    5)
          (   5,    5) (   5,    5) (   5,    5) (   5,    5) (   5,    5) (   5,    5) (   5,    5) (   5,    5) (   5,    5) (   5,    5)
          (   5,    5) (   5,    5) (   5,    5) (   5,    5) (   5,    5) (   5,    5) (   5,    5) (   5,    5) (   5,    5) (   5,    5)
          (   5,    5) (   5,    5) (   5,    5) (   5,    5) (   5,    5) (   5,    5) (   5,    5) (   5,    5) (   5,    5) (   5,    5)
          (   5,    5) (   5,    5) (   5,    5) (   5,    5) (   5,    5) (   5,    5) (   5,    5) (   5,    5) (   5,    5) (   5,    5)
          (   5,    5) (   5,    5) (   5,    5) (   5,    5) (   5,    5) (   5,    5) (   5,    5) (   5,    5) (   5,    5) (   5,    5)
          (   5,    5) (   5,    5) (   5,    5) (   5,    5) (   5,    5) (   5,    5) (   5,    5) (   5,    5) (   5,    5) (   5,    5)
          (   5,    5) (   5,    5) (   5,    5) (   5,    5) (   5,    5) (   5,    5) (   5,    5) (   5,    5) (   5,    5) (   5,    5)
          (   5,    5) (   5,    5) (   5,    5) (   5,    5) (   5,    5) (   5,    5) (   5,    5) (   5,    5) (   5,    5) (   5,    5)
          (   5,    5) (   5,    5) (   5,    5) (   5,    5) (   5,    5) (   5,    5) (   5,    5) (   5,    5) (   5,    5) (   5,    5)
          (   5,    5) (   5,    5) (   5,    5) (   5,    5) (   5,    5) (   5,    5) (   5,    5) (   5,    5) (   5,    5) (   5,    5)
          (   5,    5) (   5,    5) (   5,    5) (   5,    5) (   5,    5) (   5,    5) (   5,    5) (   5,    5) (   5,    5) (   5,    5)
          (   5,    5) (   5,    5) (   5,    5) (   5,    5) (   5,    5) (   5,    5) (   5,    5) (   5,    5) (   5,    5) (   5,    5)
          (   5,    5) (   5,    5) (   5,    5) (   5,    5) (   5,    5) (   5,    5) (   5,    5) (   5,    5) (   5,    5) (   5,    5)
          (   5,    5) (   5,    5) (   5,    5) (   5,    5) (   5,    5) (   5,    5) (   5,    5) (   5,    5) (   5,    5) (   5,    5)
          (   5,    5) (   5,    5) (   5,    5) (   5,    5) (   5,    5) (   5,    5) (   5,    5) (   5,    5) (   5,    5) (   5,    5)
          (   5,    5) (   5,    5) (   5,    5) (   5,    5) (   5,    5) (   5,    5) (   5,    5) (   5,    5) (   5,    5) (   5,    5)
          (   5,    5) (   5,    5) (   5,    5) (   5,    5) (   5,    5) (   5,    5) (   5,    5) (   5,    5) (   5,    5) (   5,    5)
          (   5,    5) (   5,    5) (   5,    5) (   5,    5) (   5,    5) (   5,    5) (   5,    5) (   5,    5) (   5,    5) (   5,    5)
          (   5,    5) (   5,    5) (   5,    5) (   5,    5) (   5,    5) (   5,    5) (   5,    5) (   5,    5) (   5,    5) (   5,    5)
          (   5,    5) (   5,    5) (   5,    5) (   5,    5) (   5,    5) (   5,    5) (   5,    5) (   5,    5) (   5,    5) (   5,    5)
          (   5,    5) (   5,    5) (   5,    5) (   5,    5) (   5,    5) (   5,    5) (   5,    5) (   5,    5) (   5,    5) (   5,    5)
          (   5,    5) (   5,    5) (   5,    5) (   5,    5) (   5,    5) (   5,    5) (   5,    5) (   5,    5) (   5,    5) (   5,    5)
          (   5,    5) (   5,    5) (   5,    5) (   5,    5) (   5,    5) (   5,    5) (   5,    5) (   5,    5) (   5,    5) (   5,    5)
          (   5,    5) (   5,    5) (   5,    5) (   5,    5) (   5,    5) (   5,    5) (   5,    5) (   5,    5) (   5,    5) (   5,    5)
          (   5,    5) (   5,    5) (   5,    5) (   5,    5) (   5,    5) (   5,    5) (   5,    5) (   5,    5) (   5,    5) (   5,    5)
          (   5,    5) (   5,    5) (   5,    5) (   5,    5) (   5,    5) (   5,    5) (   5,    5) (   5,    5) (   5,    5) (   5,    5)
          (   5,    5) (   5,    5) (   5,    5) (   5,    5) (   5,    5) (   5,    5) (   5,    5) (   5,    5) (   5,    5) (   5,    5)
          (   5,    5) (   5,    5) (   5,    5) (   5,    5) (   5,    5) (   5,    5) (   5,    5) (   5,    5) (   5,    5) (   5,    5)
          (   5,    5) (   5,    5) (   5,    5) (   5,    5) (   5,    5) (   5,    5) (   5,    5) (   5,    5) (   5,    5) (   5,    5)
          (   5,    5) (   5,    5) (   5,    5) (   5,    5) (   5,    5) (   5,    5) (   5,    5) (   5,    5) (   5,    5) (   5,    5)
          (   5,    5) (   5,    5) (   5,    5) (   5,    5) (   5,    5) (   5,    5) (   5,    5) (   5,    5) (   5,    5) (   5,    5)
          (   5,    5) (   5,    5) (   5,    5) (   5,    5) (   5,    5) (   5,    5) (   5,    5) (   5,    5) (   5,    5) (   5,    5)
          (   5,    5) (   5,    5) (   5,    5) (   5,    5) (   5,    5) (   5,    5) (   5,    5) (   5,    5) (   5,    5) (   5,    5)
          (   5,    5) (   5,    5) (   5,    5) (   5,    5) (   5,    5) (   5,    5) (   5,    5) (   5,    5) (   5,    5) (   5,    5)
          (   5,    5) (   5,    5) (   5,    5) (   5,    5) (   5,    5) (   5,    5) (   5,    5) (   5,    5) (   5,    5) (   5,    5)
          (   5,    5) (   5,    5) (   5,    5) (   5,    5) (   5,    5) (   5,    5) (   5,    5) (   5,    5) (   5,    5) (   5,    5)
          (   5,    5) (   5,    5) (   5,    5) (   5,    5) (   5,    5) (   5,    5) (   5,    5) (   5,    5) (   5,    5) (   5,    5)
          (   5,    5) (   5,    5) (   5,    5) (   5,    5) (   5,    5) (   5,    5) (   5,    5) (   5,    5) (   5,    5) (   5,    5)
          (   5,    5) (   5,    5) (   5,    5) (   5,    5) (   5,    5) (   5,    5) (   5,    5) (   5,    5) (   5,    5) (   5,    5)
          (   5,    5) (   5,    5) (   5,    5) (   5,    5) (   5,    5) (   5,    5) (   5,    5) (   5,    5) (   5,    5) (   5,    5)
          (   5,    5) (   5,    5) (   5,    5) (   5,    5) (   5,    5) (   5,    5) (   5,    5) (   5,    5) (   5,    5) (   5,    5)
          (   5,    5) (   5,    5) (   5,    5) (   5,    5) (   5,    5) (   5,    5) (   5,    5) (   5,    5) (   5,    5) (   5,    5)
          (   5,    5) (   5,    5) (   5,    5) (   5,    5) (   5,    5) (   5,    5) (   5,    5) (   5,    5) (   5,    5) (   5,    5)
          (   5,    5) (   5,    5) (   5,    5) (   5,    5) (   5,    5) (   5,    5) (   5,    5) (   5,    5) (   5,    5) (   5,    5)
          (   5,    5) (   5,    5) (   5,    5) (   5,    5) (   5,    5) (   5,    5) (   5,    5) (   5,    5) (   5,    5) (   5,    5)
          (   5,    5) (   5,    5) (   5,    5) (   5,    5) (   5,    5) (   5,    5) (   5,    5) (   5,    5) (   5,    5) (   5,    5)
          (   5,    5) (   5,    5) (   5,    5) (   5,    5) (   5,    5) (   5,    5) (   5,    5) (   5,    5) (   5,    5) (   5,    5)
          (   5,    5) (   5,    5) (   5,    5) (   5,    5) (   5,    5) (   5,    5) (   5,    5) (   5,    5) (   5,    5) (   5,    5)
          (   5,    5) (   5,    5) (   5,    5) (   5,    5) (   5,    5) (   5,    5) (   5,    5) (   5,    5) (   5,    5) (   5,    5)
          (   5,    5) (   5,    5) (   5,    5) (   5,    5) (   5,    5) (   5,    5) (   5,    5) (   5,    5) (   5,    5) (   5,    5)
          (   5,    5) (   5,    5) (   5,    5) (   5,    5) (   5,    5) (   5,    5) (   5,    5) (   5,    5) (   5,    5) (   5,    5)
          (   5,    5) (   5,    5) (   5,    5) (   5,    5) (   5,    5) (   5,    5) (   5,    5) (   5,    5) (   5,    5) (   5,    5)
          (   5,    5) (   5,    5) (   5,    5) (   5,    5) (   5,    5) (   5,    5) (   5,    5) (   5,    5) (   5,    5) (   5,    5)
          (   5,    5) (   5,    5) (   5,    5) (   5,    5) (   5,    5) (   5,    5) (   5,    5) (   5,    5) (   5,    5) (   5,    5)
          (   5,    5) (   5,    5) (   5,    5) (   5,    5) (   5,    5) (   5,    5) (   5,    5) (   5,    5) (   5,    5) (   5,    5)
          (   5,    5) (   5,    5) (   5,    5) (   5,    5) (   5,    5) (   5,    5) (   5,    5) (   5,    5) (   5,    5) (   5,    5)
          (   5,    5) (   5,    5) (   5,    5) (   5,    5) (   5,    5) (   5,    5) (   5,    5) (   5,    5) (   5,    5) (   5,    5)
          (   5,    5) (   5,    5) (   5,    5) (   5,    5) (   5,    5) (   5,    5) (   5,    5) (   5,    5) (   5,    5) (   5,    5)
          (   5,    5) (   5,    5) (   5,    5) (   5,    5) (   5,    5) (   5,    5) (   5,    5) (   5,    5) (   5,    5) (   5,    5)
         
node  10 sent_total   3996  recv_total   3962

